Cloning into 'temp_dust3r'...
Cloning into 'temp_triposr'...
Cloning into 'temp_triposf'...
Cloning into 'temp_lgm'...
Cloning into 'temp_wonder3d'...
Cloning into 'temp_unirig'...
Listing 'dist/osx_arm64/python'...
Listing 'dist/osx_arm64/python/python'...
Listing 'dist/osx_arm64/python/python/bin'...
Listing 'dist/osx_arm64/python/python/include'...
Listing 'dist/osx_arm64/python/python/include/python3.10'...
Listing 'dist/osx_arm64/python/python/include/python3.10/cpython'...
Listing 'dist/osx_arm64/python/python/include/python3.10/internal'...
Listing 'dist/osx_arm64/python/python/lib'...
Listing 'dist/osx_arm64/python/python/lib/itcl4.2.2'...
Listing 'dist/osx_arm64/python/python/lib/pkgconfig'...
Listing 'dist/osx_arm64/python/python/lib/python3.10'...
Compiling 'dist/osx_arm64/python/python/lib/python3.10/__future__.py'...
Compiling 'dist/osx_arm64/python/python/lib/python3.10/__phello__.foo.py'...
Compiling 'dist/osx_arm64/python/python/lib/python3.10/_aix_support.py'...
Compiling 'dist/osx_arm64/python/python/lib/python3.10/_bootsubprocess.py'...
Compiling 'dist/osx_arm64/python/python/lib/python3.10/_collections_abc.py'...
Compiling 'dist/osx_arm64/python/python/lib/python3.10/_compat_pickle.py'...
Compiling 'dist/osx_arm64/python/python/lib/python3.10/_compression.py'...
Compiling 'dist/osx_arm64/python/python/lib/python3.10/_markupbase.py'...
Compiling 'dist/osx_arm64/python/python/lib/python3.10/_osx_support.py'...
Compiling 'dist/osx_arm64/python/python/lib/python3.10/_py_abc.py'...
Compiling 'dist/osx_arm64/python/python/lib/python3.10/_pydecimal.py'...
Compiling 'dist/osx_arm64/python/python/lib/python3.10/_pyio.py'...
Compiling 'dist/osx_arm64/python/python/lib/python3.10/_sitebuiltins.py'...
Compiling 'dist/osx_arm64/python/python/lib/python3.10/_strptime.py'...
Compiling 'dist/osx_arm64/python/python/lib/python3.10/_sysconfigdata__darwin_darwin.py'...
Compiling 'dist/osx_arm64/python/python/lib/python3.10/_threading_local.py'...
Compiling 'dist/osx_arm64/python/python/lib/python3.10/_weakrefset.py'...
Compiling 'dist/osx_arm64/python/python/lib/python3.10/abc.py'...
Compiling 'dist/osx_arm64/python/python/lib/python3.10/aifc.py'...
Compiling 'dist/osx_arm64/python/python/lib/python3.10/antigravity.py'...
Compiling 'dist/osx_arm64/python/python/lib/python3.10/argparse.py'...
Compiling 'dist/osx_arm64/python/python/lib/python3.10/ast.py'...
Compiling 'dist/osx_arm64/python/python/lib/python3.10/asynchat.py'...
Listing 'dist/osx_arm64/python/python/lib/python3.10/asyncio'...
Compiling 'dist/osx_arm64/python/python/lib/python3.10/asyncio/__init__.py'...
Compiling 'dist/osx_arm64/python/python/lib/python3.10/asyncio/__main__.py'...
Compiling 'dist/osx_arm64/python/python/lib/python3.10/asyncio/base_events.py'...
Compiling 'dist/osx_arm64/python/python/lib/python3.10/asyncio/base_futures.py'...
Compiling 'dist/osx_arm64/python/python/lib/python3.10/asyncio/base_subprocess.py'...
Compiling 'dist/osx_arm64/python/python/lib/python3.10/asyncio/base_tasks.py'...
Compiling 'dist/osx_arm64/python/python/lib/python3.10/asyncio/constants.py'...
Compiling 'dist/osx_arm64/python/python/lib/python3.10/asyncio/coroutines.py'...
Compiling 'dist/osx_arm64/python/python/lib/python3.10/asyncio/events.py'...
Compiling 'dist/osx_arm64/python/python/lib/python3.10/asyncio/exceptions.py'...
Compiling 'dist/osx_arm64/python/python/lib/python3.10/asyncio/format_helpers.py'...
Compiling 'dist/osx_arm64/python/python/lib/python3.10/asyncio/futures.py'...
Compiling 'dist/osx_arm64/python/python/lib/python3.10/asyncio/locks.py'...
Compiling 'dist/osx_arm64/python/python/lib/python3.10/asyncio/log.py'...
Compiling 'dist/osx_arm64/python/python/lib/python3.10/asyncio/mixins.py'...
Compiling 'dist/osx_arm64/python/python/lib/python3.10/asyncio/proactor_events.py'...
Compiling 'dist/osx_arm64/python/python/lib/python3.10/asyncio/protocols.py'...
Compiling 'dist/osx_arm64/python/python/lib/python3.10/asyncio/queues.py'...
Compiling 'dist/osx_arm64/python/python/lib/python3.10/asyncio/runners.py'...
Compiling 'dist/osx_arm64/python/python/lib/python3.10/asyncio/selector_events.py'...
Compiling 'dist/osx_arm64/python/python/lib/python3.10/asyncio/sslproto.py'...
Compiling 'dist/osx_arm64/python/python/lib/python3.10/asyncio/staggered.py'...
Compiling 'dist/osx_arm64/python/python/lib/python3.10/asyncio/streams.py'...
Compiling 'dist/osx_arm64/python/python/lib/python3.10/asyncio/subprocess.py'...
Compiling 'dist/osx_arm64/python/python/lib/python3.10/asyncio/tasks.py'...
Compiling 'dist/osx_arm64/python/python/lib/python3.10/asyncio/threads.py'...
Compiling 'dist/osx_arm64/python/python/lib/python3.10/asyncio/transports.py'...
Compiling 'dist/osx_arm64/python/python/lib/python3.10/asyncio/trsock.py'...
Compiling 'dist/osx_arm64/python/python/lib/python3.10/asyncio/unix_events.py'...
Compiling 'dist/osx_arm64/python/python/lib/python3.10/asyncio/windows_events.py'...
Compiling 'dist/osx_arm64/python/python/lib/python3.10/asyncio/windows_utils.py'...
Compiling 'dist/osx_arm64/python/python/lib/python3.10/asyncore.py'...
Compiling 'dist/osx_arm64/python/python/lib/python3.10/base64.py'...
Compiling 'dist/osx_arm64/python/python/lib/python3.10/bdb.py'...
Compiling 'dist/osx_arm64/python/python/lib/python3.10/binhex.py'...
Compiling 'dist/osx_arm64/python/python/lib/python3.10/bisect.py'...
Compiling 'dist/osx_arm64/python/python/lib/python3.10/bz2.py'...
Compiling 'dist/osx_arm64/python/python/lib/python3.10/cProfile.py'...
Compiling 'dist/osx_arm64/python/python/lib/python3.10/calendar.py'...
Compiling 'dist/osx_arm64/python/python/lib/python3.10/cgi.py'...
Compiling 'dist/osx_arm64/python/python/lib/python3.10/cgitb.py'...
Compiling 'dist/osx_arm64/python/python/lib/python3.10/chunk.py'...
Compiling 'dist/osx_arm64/python/python/lib/python3.10/cmd.py'...
Compiling 'dist/osx_arm64/python/python/lib/python3.10/code.py'...
Compiling 'dist/osx_arm64/python/python/lib/python3.10/codecs.py'...
Compiling 'dist/osx_arm64/python/python/lib/python3.10/codeop.py'...
Listing 'dist/osx_arm64/python/python/lib/python3.10/collections'...
Compiling 'dist/osx_arm64/python/python/lib/python3.10/collections/__init__.py'...
Compiling 'dist/osx_arm64/python/python/lib/python3.10/collections/abc.py'...
Compiling 'dist/osx_arm64/python/python/lib/python3.10/colorsys.py'...
Compiling 'dist/osx_arm64/python/python/lib/python3.10/compileall.py'...
Listing 'dist/osx_arm64/python/python/lib/python3.10/concurrent'...
Compiling 'dist/osx_arm64/python/python/lib/python3.10/concurrent/__init__.py'...
Listing 'dist/osx_arm64/python/python/lib/python3.10/concurrent/futures'...
Compiling 'dist/osx_arm64/python/python/lib/python3.10/concurrent/futures/__init__.py'...
Compiling 'dist/osx_arm64/python/python/lib/python3.10/concurrent/futures/_base.py'...
Compiling 'dist/osx_arm64/python/python/lib/python3.10/concurrent/futures/process.py'...
Compiling 'dist/osx_arm64/python/python/lib/python3.10/concurrent/futures/thread.py'...
Listing 'dist/osx_arm64/python/python/lib/python3.10/config-3.10-darwin'...
Compiling 'dist/osx_arm64/python/python/lib/python3.10/config-3.10-darwin/python-config.py'...
Compiling 'dist/osx_arm64/python/python/lib/python3.10/configparser.py'...
Compiling 'dist/osx_arm64/python/python/lib/python3.10/contextlib.py'...
Compiling 'dist/osx_arm64/python/python/lib/python3.10/contextvars.py'...
Compiling 'dist/osx_arm64/python/python/lib/python3.10/copy.py'...
Compiling 'dist/osx_arm64/python/python/lib/python3.10/copyreg.py'...
Compiling 'dist/osx_arm64/python/python/lib/python3.10/crypt.py'...
Compiling 'dist/osx_arm64/python/python/lib/python3.10/csv.py'...
Listing 'dist/osx_arm64/python/python/lib/python3.10/ctypes'...
Compiling 'dist/osx_arm64/python/python/lib/python3.10/ctypes/__init__.py'...
Compiling 'dist/osx_arm64/python/python/lib/python3.10/ctypes/_aix.py'...
Compiling 'dist/osx_arm64/python/python/lib/python3.10/ctypes/_endian.py'...
Listing 'dist/osx_arm64/python/python/lib/python3.10/ctypes/macholib'...
Compiling 'dist/osx_arm64/python/python/lib/python3.10/ctypes/macholib/__init__.py'...
Compiling 'dist/osx_arm64/python/python/lib/python3.10/ctypes/macholib/dyld.py'...
Compiling 'dist/osx_arm64/python/python/lib/python3.10/ctypes/macholib/dylib.py'...
Compiling 'dist/osx_arm64/python/python/lib/python3.10/ctypes/macholib/framework.py'...
Compiling 'dist/osx_arm64/python/python/lib/python3.10/ctypes/util.py'...
Compiling 'dist/osx_arm64/python/python/lib/python3.10/ctypes/wintypes.py'...
Listing 'dist/osx_arm64/python/python/lib/python3.10/curses'...
Compiling 'dist/osx_arm64/python/python/lib/python3.10/curses/__init__.py'...
Compiling 'dist/osx_arm64/python/python/lib/python3.10/curses/ascii.py'...
Compiling 'dist/osx_arm64/python/python/lib/python3.10/curses/has_key.py'...
Compiling 'dist/osx_arm64/python/python/lib/python3.10/curses/panel.py'...
Compiling 'dist/osx_arm64/python/python/lib/python3.10/curses/textpad.py'...
Compiling 'dist/osx_arm64/python/python/lib/python3.10/dataclasses.py'...
Compiling 'dist/osx_arm64/python/python/lib/python3.10/datetime.py'...
Listing 'dist/osx_arm64/python/python/lib/python3.10/dbm'...
Compiling 'dist/osx_arm64/python/python/lib/python3.10/dbm/__init__.py'...
Compiling 'dist/osx_arm64/python/python/lib/python3.10/dbm/dumb.py'...
Compiling 'dist/osx_arm64/python/python/lib/python3.10/dbm/gnu.py'...
Compiling 'dist/osx_arm64/python/python/lib/python3.10/dbm/ndbm.py'...
Compiling 'dist/osx_arm64/python/python/lib/python3.10/decimal.py'...
Compiling 'dist/osx_arm64/python/python/lib/python3.10/difflib.py'...
Compiling 'dist/osx_arm64/python/python/lib/python3.10/dis.py'...
Listing 'dist/osx_arm64/python/python/lib/python3.10/distutils'...
Compiling 'dist/osx_arm64/python/python/lib/python3.10/distutils/__init__.py'...
Compiling 'dist/osx_arm64/python/python/lib/python3.10/distutils/_msvccompiler.py'...
Compiling 'dist/osx_arm64/python/python/lib/python3.10/distutils/archive_util.py'...
Compiling 'dist/osx_arm64/python/python/lib/python3.10/distutils/bcppcompiler.py'...
Compiling 'dist/osx_arm64/python/python/lib/python3.10/distutils/ccompiler.py'...
Compiling 'dist/osx_arm64/python/python/lib/python3.10/distutils/cmd.py'...
Listing 'dist/osx_arm64/python/python/lib/python3.10/distutils/command'...
Compiling 'dist/osx_arm64/python/python/lib/python3.10/distutils/command/__init__.py'...
Compiling 'dist/osx_arm64/python/python/lib/python3.10/distutils/command/bdist.py'...
Compiling 'dist/osx_arm64/python/python/lib/python3.10/distutils/command/bdist_dumb.py'...
Compiling 'dist/osx_arm64/python/python/lib/python3.10/distutils/command/bdist_msi.py'...
Compiling 'dist/osx_arm64/python/python/lib/python3.10/distutils/command/bdist_rpm.py'...
Compiling 'dist/osx_arm64/python/python/lib/python3.10/distutils/command/build.py'...
Compiling 'dist/osx_arm64/python/python/lib/python3.10/distutils/command/build_clib.py'...
Compiling 'dist/osx_arm64/python/python/lib/python3.10/distutils/command/build_ext.py'...
Compiling 'dist/osx_arm64/python/python/lib/python3.10/distutils/command/build_py.py'...
Compiling 'dist/osx_arm64/python/python/lib/python3.10/distutils/command/build_scripts.py'...
Compiling 'dist/osx_arm64/python/python/lib/python3.10/distutils/command/check.py'...
Compiling 'dist/osx_arm64/python/python/lib/python3.10/distutils/command/clean.py'...
Compiling 'dist/osx_arm64/python/python/lib/python3.10/distutils/command/config.py'...
Compiling 'dist/osx_arm64/python/python/lib/python3.10/distutils/command/install.py'...
Compiling 'dist/osx_arm64/python/python/lib/python3.10/distutils/command/install_data.py'...
Compiling 'dist/osx_arm64/python/python/lib/python3.10/distutils/command/install_egg_info.py'...
Compiling 'dist/osx_arm64/python/python/lib/python3.10/distutils/command/install_headers.py'...
Compiling 'dist/osx_arm64/python/python/lib/python3.10/distutils/command/install_lib.py'...
Compiling 'dist/osx_arm64/python/python/lib/python3.10/distutils/command/install_scripts.py'...
Compiling 'dist/osx_arm64/python/python/lib/python3.10/distutils/command/register.py'...
Compiling 'dist/osx_arm64/python/python/lib/python3.10/distutils/command/sdist.py'...
Compiling 'dist/osx_arm64/python/python/lib/python3.10/distutils/command/upload.py'...
Compiling 'dist/osx_arm64/python/python/lib/python3.10/distutils/config.py'...
Compiling 'dist/osx_arm64/python/python/lib/python3.10/distutils/core.py'...
Compiling 'dist/osx_arm64/python/python/lib/python3.10/distutils/cygwinccompiler.py'...
Compiling 'dist/osx_arm64/python/python/lib/python3.10/distutils/debug.py'...
Compiling 'dist/osx_arm64/python/python/lib/python3.10/distutils/dep_util.py'...
Compiling 'dist/osx_arm64/python/python/lib/python3.10/distutils/dir_util.py'...
Compiling 'dist/osx_arm64/python/python/lib/python3.10/distutils/dist.py'...
Compiling 'dist/osx_arm64/python/python/lib/python3.10/distutils/errors.py'...
Compiling 'dist/osx_arm64/python/python/lib/python3.10/distutils/extension.py'...
Compiling 'dist/osx_arm64/python/python/lib/python3.10/distutils/fancy_getopt.py'...
Compiling 'dist/osx_arm64/python/python/lib/python3.10/distutils/file_util.py'...
Compiling 'dist/osx_arm64/python/python/lib/python3.10/distutils/filelist.py'...
Compiling 'dist/osx_arm64/python/python/lib/python3.10/distutils/log.py'...
Compiling 'dist/osx_arm64/python/python/lib/python3.10/distutils/msvc9compiler.py'...
Compiling 'dist/osx_arm64/python/python/lib/python3.10/distutils/msvccompiler.py'...
Compiling 'dist/osx_arm64/python/python/lib/python3.10/distutils/spawn.py'...
Compiling 'dist/osx_arm64/python/python/lib/python3.10/distutils/sysconfig.py'...
Compiling 'dist/osx_arm64/python/python/lib/python3.10/distutils/text_file.py'...
Compiling 'dist/osx_arm64/python/python/lib/python3.10/distutils/unixccompiler.py'...
Compiling 'dist/osx_arm64/python/python/lib/python3.10/distutils/util.py'...
Compiling 'dist/osx_arm64/python/python/lib/python3.10/distutils/version.py'...
Compiling 'dist/osx_arm64/python/python/lib/python3.10/distutils/versionpredicate.py'...
Compiling 'dist/osx_arm64/python/python/lib/python3.10/doctest.py'...
Listing 'dist/osx_arm64/python/python/lib/python3.10/email'...
Compiling 'dist/osx_arm64/python/python/lib/python3.10/email/__init__.py'...
Compiling 'dist/osx_arm64/python/python/lib/python3.10/email/_encoded_words.py'...
Compiling 'dist/osx_arm64/python/python/lib/python3.10/email/_header_value_parser.py'...
Compiling 'dist/osx_arm64/python/python/lib/python3.10/email/_parseaddr.py'...
Compiling 'dist/osx_arm64/python/python/lib/python3.10/email/_policybase.py'...
Compiling 'dist/osx_arm64/python/python/lib/python3.10/email/base64mime.py'...
Compiling 'dist/osx_arm64/python/python/lib/python3.10/email/charset.py'...
Compiling 'dist/osx_arm64/python/python/lib/python3.10/email/contentmanager.py'...
Compiling 'dist/osx_arm64/python/python/lib/python3.10/email/encoders.py'...
Compiling 'dist/osx_arm64/python/python/lib/python3.10/email/errors.py'...
Compiling 'dist/osx_arm64/python/python/lib/python3.10/email/feedparser.py'...
Compiling 'dist/osx_arm64/python/python/lib/python3.10/email/generator.py'...
Compiling 'dist/osx_arm64/python/python/lib/python3.10/email/header.py'...
Compiling 'dist/osx_arm64/python/python/lib/python3.10/email/headerregistry.py'...
Compiling 'dist/osx_arm64/python/python/lib/python3.10/email/iterators.py'...
Compiling 'dist/osx_arm64/python/python/lib/python3.10/email/message.py'...
Listing 'dist/osx_arm64/python/python/lib/python3.10/email/mime'...
Compiling 'dist/osx_arm64/python/python/lib/python3.10/email/mime/__init__.py'...
Compiling 'dist/osx_arm64/python/python/lib/python3.10/email/mime/application.py'...
Compiling 'dist/osx_arm64/python/python/lib/python3.10/email/mime/audio.py'...
Compiling 'dist/osx_arm64/python/python/lib/python3.10/email/mime/base.py'...
Compiling 'dist/osx_arm64/python/python/lib/python3.10/email/mime/image.py'...
Compiling 'dist/osx_arm64/python/python/lib/python3.10/email/mime/message.py'...
Compiling 'dist/osx_arm64/python/python/lib/python3.10/email/mime/multipart.py'...
Compiling 'dist/osx_arm64/python/python/lib/python3.10/email/mime/nonmultipart.py'...
Compiling 'dist/osx_arm64/python/python/lib/python3.10/email/mime/text.py'...
Compiling 'dist/osx_arm64/python/python/lib/python3.10/email/parser.py'...
Compiling 'dist/osx_arm64/python/python/lib/python3.10/email/policy.py'...
Compiling 'dist/osx_arm64/python/python/lib/python3.10/email/quoprimime.py'...
Compiling 'dist/osx_arm64/python/python/lib/python3.10/email/utils.py'...
Listing 'dist/osx_arm64/python/python/lib/python3.10/encodings'...
Compiling 'dist/osx_arm64/python/python/lib/python3.10/encodings/__init__.py'...
Compiling 'dist/osx_arm64/python/python/lib/python3.10/encodings/aliases.py'...
Compiling 'dist/osx_arm64/python/python/lib/python3.10/encodings/ascii.py'...
Compiling 'dist/osx_arm64/python/python/lib/python3.10/encodings/base64_codec.py'...
Compiling 'dist/osx_arm64/python/python/lib/python3.10/encodings/big5.py'...
Compiling 'dist/osx_arm64/python/python/lib/python3.10/encodings/big5hkscs.py'...
Compiling 'dist/osx_arm64/python/python/lib/python3.10/encodings/bz2_codec.py'...
Compiling 'dist/osx_arm64/python/python/lib/python3.10/encodings/charmap.py'...
Compiling 'dist/osx_arm64/python/python/lib/python3.10/encodings/cp037.py'...
Compiling 'dist/osx_arm64/python/python/lib/python3.10/encodings/cp1006.py'...
Compiling 'dist/osx_arm64/python/python/lib/python3.10/encodings/cp1026.py'...
Compiling 'dist/osx_arm64/python/python/lib/python3.10/encodings/cp1125.py'...
Compiling 'dist/osx_arm64/python/python/lib/python3.10/encodings/cp1140.py'...
Compiling 'dist/osx_arm64/python/python/lib/python3.10/encodings/cp1250.py'...
Compiling 'dist/osx_arm64/python/python/lib/python3.10/encodings/cp1251.py'...
Compiling 'dist/osx_arm64/python/python/lib/python3.10/encodings/cp1252.py'...
Compiling 'dist/osx_arm64/python/python/lib/python3.10/encodings/cp1253.py'...
Compiling 'dist/osx_arm64/python/python/lib/python3.10/encodings/cp1254.py'...
Compiling 'dist/osx_arm64/python/python/lib/python3.10/encodings/cp1255.py'...
Compiling 'dist/osx_arm64/python/python/lib/python3.10/encodings/cp1256.py'...
Compiling 'dist/osx_arm64/python/python/lib/python3.10/encodings/cp1257.py'...
Compiling 'dist/osx_arm64/python/python/lib/python3.10/encodings/cp1258.py'...
Compiling 'dist/osx_arm64/python/python/lib/python3.10/encodings/cp273.py'...
Compiling 'dist/osx_arm64/python/python/lib/python3.10/encodings/cp424.py'...
Compiling 'dist/osx_arm64/python/python/lib/python3.10/encodings/cp437.py'...
Compiling 'dist/osx_arm64/python/python/lib/python3.10/encodings/cp500.py'...
Compiling 'dist/osx_arm64/python/python/lib/python3.10/encodings/cp720.py'...
Compiling 'dist/osx_arm64/python/python/lib/python3.10/encodings/cp737.py'...
Compiling 'dist/osx_arm64/python/python/lib/python3.10/encodings/cp775.py'...
Compiling 'dist/osx_arm64/python/python/lib/python3.10/encodings/cp850.py'...
Compiling 'dist/osx_arm64/python/python/lib/python3.10/encodings/cp852.py'...
Compiling 'dist/osx_arm64/python/python/lib/python3.10/encodings/cp855.py'...
Compiling 'dist/osx_arm64/python/python/lib/python3.10/encodings/cp856.py'...
Compiling 'dist/osx_arm64/python/python/lib/python3.10/encodings/cp857.py'...
Compiling 'dist/osx_arm64/python/python/lib/python3.10/encodings/cp858.py'...
Compiling 'dist/osx_arm64/python/python/lib/python3.10/encodings/cp860.py'...
Compiling 'dist/osx_arm64/python/python/lib/python3.10/encodings/cp861.py'...
Compiling 'dist/osx_arm64/python/python/lib/python3.10/encodings/cp862.py'...
Compiling 'dist/osx_arm64/python/python/lib/python3.10/encodings/cp863.py'...
Compiling 'dist/osx_arm64/python/python/lib/python3.10/encodings/cp864.py'...
Compiling 'dist/osx_arm64/python/python/lib/python3.10/encodings/cp865.py'...
Compiling 'dist/osx_arm64/python/python/lib/python3.10/encodings/cp866.py'...
Compiling 'dist/osx_arm64/python/python/lib/python3.10/encodings/cp869.py'...
Compiling 'dist/osx_arm64/python/python/lib/python3.10/encodings/cp874.py'...
Compiling 'dist/osx_arm64/python/python/lib/python3.10/encodings/cp875.py'...
Compiling 'dist/osx_arm64/python/python/lib/python3.10/encodings/cp932.py'...
Compiling 'dist/osx_arm64/python/python/lib/python3.10/encodings/cp949.py'...
Compiling 'dist/osx_arm64/python/python/lib/python3.10/encodings/cp950.py'...
Compiling 'dist/osx_arm64/python/python/lib/python3.10/encodings/euc_jis_2004.py'...
Compiling 'dist/osx_arm64/python/python/lib/python3.10/encodings/euc_jisx0213.py'...
Compiling 'dist/osx_arm64/python/python/lib/python3.10/encodings/euc_jp.py'...
Compiling 'dist/osx_arm64/python/python/lib/python3.10/encodings/euc_kr.py'...
Compiling 'dist/osx_arm64/python/python/lib/python3.10/encodings/gb18030.py'...
Compiling 'dist/osx_arm64/python/python/lib/python3.10/encodings/gb2312.py'...
Compiling 'dist/osx_arm64/python/python/lib/python3.10/encodings/gbk.py'...
Compiling 'dist/osx_arm64/python/python/lib/python3.10/encodings/hex_codec.py'...
Compiling 'dist/osx_arm64/python/python/lib/python3.10/encodings/hp_roman8.py'...
Compiling 'dist/osx_arm64/python/python/lib/python3.10/encodings/hz.py'...
Compiling 'dist/osx_arm64/python/python/lib/python3.10/encodings/idna.py'...
Compiling 'dist/osx_arm64/python/python/lib/python3.10/encodings/iso2022_jp.py'...
Compiling 'dist/osx_arm64/python/python/lib/python3.10/encodings/iso2022_jp_1.py'...
Compiling 'dist/osx_arm64/python/python/lib/python3.10/encodings/iso2022_jp_2.py'...
Compiling 'dist/osx_arm64/python/python/lib/python3.10/encodings/iso2022_jp_2004.py'...
Compiling 'dist/osx_arm64/python/python/lib/python3.10/encodings/iso2022_jp_3.py'...
Compiling 'dist/osx_arm64/python/python/lib/python3.10/encodings/iso2022_jp_ext.py'...
Compiling 'dist/osx_arm64/python/python/lib/python3.10/encodings/iso2022_kr.py'...
Compiling 'dist/osx_arm64/python/python/lib/python3.10/encodings/iso8859_1.py'...
Compiling 'dist/osx_arm64/python/python/lib/python3.10/encodings/iso8859_10.py'...
Compiling 'dist/osx_arm64/python/python/lib/python3.10/encodings/iso8859_11.py'...
Compiling 'dist/osx_arm64/python/python/lib/python3.10/encodings/iso8859_13.py'...
Compiling 'dist/osx_arm64/python/python/lib/python3.10/encodings/iso8859_14.py'...
Compiling 'dist/osx_arm64/python/python/lib/python3.10/encodings/iso8859_15.py'...
Compiling 'dist/osx_arm64/python/python/lib/python3.10/encodings/iso8859_16.py'...
Compiling 'dist/osx_arm64/python/python/lib/python3.10/encodings/iso8859_2.py'...
Compiling 'dist/osx_arm64/python/python/lib/python3.10/encodings/iso8859_3.py'...
Compiling 'dist/osx_arm64/python/python/lib/python3.10/encodings/iso8859_4.py'...
Compiling 'dist/osx_arm64/python/python/lib/python3.10/encodings/iso8859_5.py'...
Compiling 'dist/osx_arm64/python/python/lib/python3.10/encodings/iso8859_6.py'...
Compiling 'dist/osx_arm64/python/python/lib/python3.10/encodings/iso8859_7.py'...
Compiling 'dist/osx_arm64/python/python/lib/python3.10/encodings/iso8859_8.py'...
Compiling 'dist/osx_arm64/python/python/lib/python3.10/encodings/iso8859_9.py'...
Compiling 'dist/osx_arm64/python/python/lib/python3.10/encodings/johab.py'...
Compiling 'dist/osx_arm64/python/python/lib/python3.10/encodings/koi8_r.py'...
Compiling 'dist/osx_arm64/python/python/lib/python3.10/encodings/koi8_t.py'...
Compiling 'dist/osx_arm64/python/python/lib/python3.10/encodings/koi8_u.py'...
Compiling 'dist/osx_arm64/python/python/lib/python3.10/encodings/kz1048.py'...
Compiling 'dist/osx_arm64/python/python/lib/python3.10/encodings/latin_1.py'...
Compiling 'dist/osx_arm64/python/python/lib/python3.10/encodings/mac_arabic.py'...
Compiling 'dist/osx_arm64/python/python/lib/python3.10/encodings/mac_croatian.py'...
Compiling 'dist/osx_arm64/python/python/lib/python3.10/encodings/mac_cyrillic.py'...
Compiling 'dist/osx_arm64/python/python/lib/python3.10/encodings/mac_farsi.py'...
Compiling 'dist/osx_arm64/python/python/lib/python3.10/encodings/mac_greek.py'...
Compiling 'dist/osx_arm64/python/python/lib/python3.10/encodings/mac_iceland.py'...
Compiling 'dist/osx_arm64/python/python/lib/python3.10/encodings/mac_latin2.py'...
Compiling 'dist/osx_arm64/python/python/lib/python3.10/encodings/mac_roman.py'...
Compiling 'dist/osx_arm64/python/python/lib/python3.10/encodings/mac_romanian.py'...
Compiling 'dist/osx_arm64/python/python/lib/python3.10/encodings/mac_turkish.py'...
Compiling 'dist/osx_arm64/python/python/lib/python3.10/encodings/mbcs.py'...
Compiling 'dist/osx_arm64/python/python/lib/python3.10/encodings/oem.py'...
Compiling 'dist/osx_arm64/python/python/lib/python3.10/encodings/palmos.py'...
Compiling 'dist/osx_arm64/python/python/lib/python3.10/encodings/ptcp154.py'...
Compiling 'dist/osx_arm64/python/python/lib/python3.10/encodings/punycode.py'...
Compiling 'dist/osx_arm64/python/python/lib/python3.10/encodings/quopri_codec.py'...
Compiling 'dist/osx_arm64/python/python/lib/python3.10/encodings/raw_unicode_escape.py'...
Compiling 'dist/osx_arm64/python/python/lib/python3.10/encodings/rot_13.py'...
Compiling 'dist/osx_arm64/python/python/lib/python3.10/encodings/shift_jis.py'...
Compiling 'dist/osx_arm64/python/python/lib/python3.10/encodings/shift_jis_2004.py'...
Compiling 'dist/osx_arm64/python/python/lib/python3.10/encodings/shift_jisx0213.py'...
Compiling 'dist/osx_arm64/python/python/lib/python3.10/encodings/tis_620.py'...
Compiling 'dist/osx_arm64/python/python/lib/python3.10/encodings/undefined.py'...
Compiling 'dist/osx_arm64/python/python/lib/python3.10/encodings/unicode_escape.py'...
Compiling 'dist/osx_arm64/python/python/lib/python3.10/encodings/utf_16.py'...
Compiling 'dist/osx_arm64/python/python/lib/python3.10/encodings/utf_16_be.py'...
Compiling 'dist/osx_arm64/python/python/lib/python3.10/encodings/utf_16_le.py'...
Compiling 'dist/osx_arm64/python/python/lib/python3.10/encodings/utf_32.py'...
Compiling 'dist/osx_arm64/python/python/lib/python3.10/encodings/utf_32_be.py'...
Compiling 'dist/osx_arm64/python/python/lib/python3.10/encodings/utf_32_le.py'...
Compiling 'dist/osx_arm64/python/python/lib/python3.10/encodings/utf_7.py'...
Compiling 'dist/osx_arm64/python/python/lib/python3.10/encodings/utf_8.py'...
Compiling 'dist/osx_arm64/python/python/lib/python3.10/encodings/utf_8_sig.py'...
Compiling 'dist/osx_arm64/python/python/lib/python3.10/encodings/uu_codec.py'...
Compiling 'dist/osx_arm64/python/python/lib/python3.10/encodings/zlib_codec.py'...
Listing 'dist/osx_arm64/python/python/lib/python3.10/ensurepip'...
Compiling 'dist/osx_arm64/python/python/lib/python3.10/ensurepip/__init__.py'...
Compiling 'dist/osx_arm64/python/python/lib/python3.10/ensurepip/__main__.py'...
Listing 'dist/osx_arm64/python/python/lib/python3.10/ensurepip/_bundled'...
Compiling 'dist/osx_arm64/python/python/lib/python3.10/ensurepip/_bundled/__init__.py'...
Compiling 'dist/osx_arm64/python/python/lib/python3.10/ensurepip/_uninstall.py'...
Compiling 'dist/osx_arm64/python/python/lib/python3.10/enum.py'...
Compiling 'dist/osx_arm64/python/python/lib/python3.10/filecmp.py'...
Compiling 'dist/osx_arm64/python/python/lib/python3.10/fileinput.py'...
Compiling 'dist/osx_arm64/python/python/lib/python3.10/fnmatch.py'...
Compiling 'dist/osx_arm64/python/python/lib/python3.10/fractions.py'...
Compiling 'dist/osx_arm64/python/python/lib/python3.10/ftplib.py'...
Compiling 'dist/osx_arm64/python/python/lib/python3.10/functools.py'...
Compiling 'dist/osx_arm64/python/python/lib/python3.10/genericpath.py'...
Compiling 'dist/osx_arm64/python/python/lib/python3.10/getopt.py'...
Compiling 'dist/osx_arm64/python/python/lib/python3.10/getpass.py'...
Compiling 'dist/osx_arm64/python/python/lib/python3.10/gettext.py'...
Compiling 'dist/osx_arm64/python/python/lib/python3.10/glob.py'...
Compiling 'dist/osx_arm64/python/python/lib/python3.10/graphlib.py'...
Compiling 'dist/osx_arm64/python/python/lib/python3.10/gzip.py'...
Compiling 'dist/osx_arm64/python/python/lib/python3.10/hashlib.py'...
Compiling 'dist/osx_arm64/python/python/lib/python3.10/heapq.py'...
Compiling 'dist/osx_arm64/python/python/lib/python3.10/hmac.py'...
Listing 'dist/osx_arm64/python/python/lib/python3.10/html'...
Compiling 'dist/osx_arm64/python/python/lib/python3.10/html/__init__.py'...
Compiling 'dist/osx_arm64/python/python/lib/python3.10/html/entities.py'...
Compiling 'dist/osx_arm64/python/python/lib/python3.10/html/parser.py'...
Listing 'dist/osx_arm64/python/python/lib/python3.10/http'...
Compiling 'dist/osx_arm64/python/python/lib/python3.10/http/__init__.py'...
Compiling 'dist/osx_arm64/python/python/lib/python3.10/http/client.py'...
Compiling 'dist/osx_arm64/python/python/lib/python3.10/http/cookiejar.py'...
Compiling 'dist/osx_arm64/python/python/lib/python3.10/http/cookies.py'...
Compiling 'dist/osx_arm64/python/python/lib/python3.10/http/server.py'...
Listing 'dist/osx_arm64/python/python/lib/python3.10/idlelib'...
Listing 'dist/osx_arm64/python/python/lib/python3.10/idlelib/Icons'...
Compiling 'dist/osx_arm64/python/python/lib/python3.10/idlelib/__init__.py'...
Compiling 'dist/osx_arm64/python/python/lib/python3.10/idlelib/__main__.py'...
Compiling 'dist/osx_arm64/python/python/lib/python3.10/idlelib/autocomplete.py'...
Compiling 'dist/osx_arm64/python/python/lib/python3.10/idlelib/autocomplete_w.py'...
Compiling 'dist/osx_arm64/python/python/lib/python3.10/idlelib/autoexpand.py'...
Compiling 'dist/osx_arm64/python/python/lib/python3.10/idlelib/browser.py'...
Compiling 'dist/osx_arm64/python/python/lib/python3.10/idlelib/calltip.py'...
Compiling 'dist/osx_arm64/python/python/lib/python3.10/idlelib/calltip_w.py'...
Compiling 'dist/osx_arm64/python/python/lib/python3.10/idlelib/codecontext.py'...
Compiling 'dist/osx_arm64/python/python/lib/python3.10/idlelib/colorizer.py'...
Compiling 'dist/osx_arm64/python/python/lib/python3.10/idlelib/config.py'...
Compiling 'dist/osx_arm64/python/python/lib/python3.10/idlelib/config_key.py'...
Compiling 'dist/osx_arm64/python/python/lib/python3.10/idlelib/configdialog.py'...
Compiling 'dist/osx_arm64/python/python/lib/python3.10/idlelib/debugger.py'...
Compiling 'dist/osx_arm64/python/python/lib/python3.10/idlelib/debugger_r.py'...
Compiling 'dist/osx_arm64/python/python/lib/python3.10/idlelib/debugobj.py'...
Compiling 'dist/osx_arm64/python/python/lib/python3.10/idlelib/debugobj_r.py'...
Compiling 'dist/osx_arm64/python/python/lib/python3.10/idlelib/delegator.py'...
Compiling 'dist/osx_arm64/python/python/lib/python3.10/idlelib/dynoption.py'...
Compiling 'dist/osx_arm64/python/python/lib/python3.10/idlelib/editor.py'...
Compiling 'dist/osx_arm64/python/python/lib/python3.10/idlelib/filelist.py'...
Compiling 'dist/osx_arm64/python/python/lib/python3.10/idlelib/format.py'...
Compiling 'dist/osx_arm64/python/python/lib/python3.10/idlelib/grep.py'...
Compiling 'dist/osx_arm64/python/python/lib/python3.10/idlelib/help.py'...
Compiling 'dist/osx_arm64/python/python/lib/python3.10/idlelib/help_about.py'...
Compiling 'dist/osx_arm64/python/python/lib/python3.10/idlelib/history.py'...
Compiling 'dist/osx_arm64/python/python/lib/python3.10/idlelib/hyperparser.py'...
Compiling 'dist/osx_arm64/python/python/lib/python3.10/idlelib/idle.py'...
Compiling 'dist/osx_arm64/python/python/lib/python3.10/idlelib/iomenu.py'...
Compiling 'dist/osx_arm64/python/python/lib/python3.10/idlelib/macosx.py'...
Compiling 'dist/osx_arm64/python/python/lib/python3.10/idlelib/mainmenu.py'...
Compiling 'dist/osx_arm64/python/python/lib/python3.10/idlelib/multicall.py'...
Compiling 'dist/osx_arm64/python/python/lib/python3.10/idlelib/outwin.py'...
Compiling 'dist/osx_arm64/python/python/lib/python3.10/idlelib/parenmatch.py'...
Compiling 'dist/osx_arm64/python/python/lib/python3.10/idlelib/pathbrowser.py'...
Compiling 'dist/osx_arm64/python/python/lib/python3.10/idlelib/percolator.py'...
Compiling 'dist/osx_arm64/python/python/lib/python3.10/idlelib/pyparse.py'...
Compiling 'dist/osx_arm64/python/python/lib/python3.10/idlelib/pyshell.py'...
Compiling 'dist/osx_arm64/python/python/lib/python3.10/idlelib/query.py'...
Compiling 'dist/osx_arm64/python/python/lib/python3.10/idlelib/redirector.py'...
Compiling 'dist/osx_arm64/python/python/lib/python3.10/idlelib/replace.py'...
Compiling 'dist/osx_arm64/python/python/lib/python3.10/idlelib/rpc.py'...
Compiling 'dist/osx_arm64/python/python/lib/python3.10/idlelib/run.py'...
Compiling 'dist/osx_arm64/python/python/lib/python3.10/idlelib/runscript.py'...
Compiling 'dist/osx_arm64/python/python/lib/python3.10/idlelib/scrolledlist.py'...
Compiling 'dist/osx_arm64/python/python/lib/python3.10/idlelib/search.py'...
Compiling 'dist/osx_arm64/python/python/lib/python3.10/idlelib/searchbase.py'...
Compiling 'dist/osx_arm64/python/python/lib/python3.10/idlelib/searchengine.py'...
Compiling 'dist/osx_arm64/python/python/lib/python3.10/idlelib/sidebar.py'...
Compiling 'dist/osx_arm64/python/python/lib/python3.10/idlelib/squeezer.py'...
Compiling 'dist/osx_arm64/python/python/lib/python3.10/idlelib/stackviewer.py'...
Compiling 'dist/osx_arm64/python/python/lib/python3.10/idlelib/statusbar.py'...
Compiling 'dist/osx_arm64/python/python/lib/python3.10/idlelib/textview.py'...
Compiling 'dist/osx_arm64/python/python/lib/python3.10/idlelib/tooltip.py'...
Compiling 'dist/osx_arm64/python/python/lib/python3.10/idlelib/tree.py'...
Compiling 'dist/osx_arm64/python/python/lib/python3.10/idlelib/undo.py'...
Compiling 'dist/osx_arm64/python/python/lib/python3.10/idlelib/util.py'...
Compiling 'dist/osx_arm64/python/python/lib/python3.10/idlelib/window.py'...
Compiling 'dist/osx_arm64/python/python/lib/python3.10/idlelib/zoomheight.py'...
Compiling 'dist/osx_arm64/python/python/lib/python3.10/idlelib/zzdummy.py'...
Compiling 'dist/osx_arm64/python/python/lib/python3.10/imaplib.py'...
Compiling 'dist/osx_arm64/python/python/lib/python3.10/imghdr.py'...
Compiling 'dist/osx_arm64/python/python/lib/python3.10/imp.py'...
Listing 'dist/osx_arm64/python/python/lib/python3.10/importlib'...
Compiling 'dist/osx_arm64/python/python/lib/python3.10/importlib/__init__.py'...
Compiling 'dist/osx_arm64/python/python/lib/python3.10/importlib/_abc.py'...
Compiling 'dist/osx_arm64/python/python/lib/python3.10/importlib/_adapters.py'...
Compiling 'dist/osx_arm64/python/python/lib/python3.10/importlib/_bootstrap.py'...
Compiling 'dist/osx_arm64/python/python/lib/python3.10/importlib/_bootstrap_external.py'...
Compiling 'dist/osx_arm64/python/python/lib/python3.10/importlib/_common.py'...
Compiling 'dist/osx_arm64/python/python/lib/python3.10/importlib/abc.py'...
Compiling 'dist/osx_arm64/python/python/lib/python3.10/importlib/machinery.py'...
Listing 'dist/osx_arm64/python/python/lib/python3.10/importlib/metadata'...
Compiling 'dist/osx_arm64/python/python/lib/python3.10/importlib/metadata/__init__.py'...
Compiling 'dist/osx_arm64/python/python/lib/python3.10/importlib/metadata/_adapters.py'...
Compiling 'dist/osx_arm64/python/python/lib/python3.10/importlib/metadata/_collections.py'...
Compiling 'dist/osx_arm64/python/python/lib/python3.10/importlib/metadata/_functools.py'...
Compiling 'dist/osx_arm64/python/python/lib/python3.10/importlib/metadata/_itertools.py'...
Compiling 'dist/osx_arm64/python/python/lib/python3.10/importlib/metadata/_meta.py'...
Compiling 'dist/osx_arm64/python/python/lib/python3.10/importlib/metadata/_text.py'...
Compiling 'dist/osx_arm64/python/python/lib/python3.10/importlib/readers.py'...
Compiling 'dist/osx_arm64/python/python/lib/python3.10/importlib/resources.py'...
Compiling 'dist/osx_arm64/python/python/lib/python3.10/importlib/util.py'...
Compiling 'dist/osx_arm64/python/python/lib/python3.10/inspect.py'...
Compiling 'dist/osx_arm64/python/python/lib/python3.10/io.py'...
Compiling 'dist/osx_arm64/python/python/lib/python3.10/ipaddress.py'...
Listing 'dist/osx_arm64/python/python/lib/python3.10/json'...
Compiling 'dist/osx_arm64/python/python/lib/python3.10/json/__init__.py'...
Compiling 'dist/osx_arm64/python/python/lib/python3.10/json/decoder.py'...
Compiling 'dist/osx_arm64/python/python/lib/python3.10/json/encoder.py'...
Compiling 'dist/osx_arm64/python/python/lib/python3.10/json/scanner.py'...
Compiling 'dist/osx_arm64/python/python/lib/python3.10/json/tool.py'...
Compiling 'dist/osx_arm64/python/python/lib/python3.10/keyword.py'...
Listing 'dist/osx_arm64/python/python/lib/python3.10/lib-dynload'...
Listing 'dist/osx_arm64/python/python/lib/python3.10/lib2to3'...
Compiling 'dist/osx_arm64/python/python/lib/python3.10/lib2to3/__init__.py'...
Compiling 'dist/osx_arm64/python/python/lib/python3.10/lib2to3/__main__.py'...
Compiling 'dist/osx_arm64/python/python/lib/python3.10/lib2to3/btm_matcher.py'...
Compiling 'dist/osx_arm64/python/python/lib/python3.10/lib2to3/btm_utils.py'...
Compiling 'dist/osx_arm64/python/python/lib/python3.10/lib2to3/fixer_base.py'...
Compiling 'dist/osx_arm64/python/python/lib/python3.10/lib2to3/fixer_util.py'...
Listing 'dist/osx_arm64/python/python/lib/python3.10/lib2to3/fixes'...
Compiling 'dist/osx_arm64/python/python/lib/python3.10/lib2to3/fixes/__init__.py'...
Compiling 'dist/osx_arm64/python/python/lib/python3.10/lib2to3/fixes/fix_apply.py'...
Compiling 'dist/osx_arm64/python/python/lib/python3.10/lib2to3/fixes/fix_asserts.py'...
Compiling 'dist/osx_arm64/python/python/lib/python3.10/lib2to3/fixes/fix_basestring.py'...
Compiling 'dist/osx_arm64/python/python/lib/python3.10/lib2to3/fixes/fix_buffer.py'...
Compiling 'dist/osx_arm64/python/python/lib/python3.10/lib2to3/fixes/fix_dict.py'...
Compiling 'dist/osx_arm64/python/python/lib/python3.10/lib2to3/fixes/fix_except.py'...
Compiling 'dist/osx_arm64/python/python/lib/python3.10/lib2to3/fixes/fix_exec.py'...
Compiling 'dist/osx_arm64/python/python/lib/python3.10/lib2to3/fixes/fix_execfile.py'...
Compiling 'dist/osx_arm64/python/python/lib/python3.10/lib2to3/fixes/fix_exitfunc.py'...
Compiling 'dist/osx_arm64/python/python/lib/python3.10/lib2to3/fixes/fix_filter.py'...
Compiling 'dist/osx_arm64/python/python/lib/python3.10/lib2to3/fixes/fix_funcattrs.py'...
Compiling 'dist/osx_arm64/python/python/lib/python3.10/lib2to3/fixes/fix_future.py'...
Compiling 'dist/osx_arm64/python/python/lib/python3.10/lib2to3/fixes/fix_getcwdu.py'...
Compiling 'dist/osx_arm64/python/python/lib/python3.10/lib2to3/fixes/fix_has_key.py'...
Compiling 'dist/osx_arm64/python/python/lib/python3.10/lib2to3/fixes/fix_idioms.py'...
Compiling 'dist/osx_arm64/python/python/lib/python3.10/lib2to3/fixes/fix_import.py'...
Compiling 'dist/osx_arm64/python/python/lib/python3.10/lib2to3/fixes/fix_imports.py'...
Compiling 'dist/osx_arm64/python/python/lib/python3.10/lib2to3/fixes/fix_imports2.py'...
Compiling 'dist/osx_arm64/python/python/lib/python3.10/lib2to3/fixes/fix_input.py'...
Compiling 'dist/osx_arm64/python/python/lib/python3.10/lib2to3/fixes/fix_intern.py'...
Compiling 'dist/osx_arm64/python/python/lib/python3.10/lib2to3/fixes/fix_isinstance.py'...
Compiling 'dist/osx_arm64/python/python/lib/python3.10/lib2to3/fixes/fix_itertools.py'...
Compiling 'dist/osx_arm64/python/python/lib/python3.10/lib2to3/fixes/fix_itertools_imports.py'...
Compiling 'dist/osx_arm64/python/python/lib/python3.10/lib2to3/fixes/fix_long.py'...
Compiling 'dist/osx_arm64/python/python/lib/python3.10/lib2to3/fixes/fix_map.py'...
Compiling 'dist/osx_arm64/python/python/lib/python3.10/lib2to3/fixes/fix_metaclass.py'...
Compiling 'dist/osx_arm64/python/python/lib/python3.10/lib2to3/fixes/fix_methodattrs.py'...
Compiling 'dist/osx_arm64/python/python/lib/python3.10/lib2to3/fixes/fix_ne.py'...
Compiling 'dist/osx_arm64/python/python/lib/python3.10/lib2to3/fixes/fix_next.py'...
Compiling 'dist/osx_arm64/python/python/lib/python3.10/lib2to3/fixes/fix_nonzero.py'...
Compiling 'dist/osx_arm64/python/python/lib/python3.10/lib2to3/fixes/fix_numliterals.py'...
Compiling 'dist/osx_arm64/python/python/lib/python3.10/lib2to3/fixes/fix_operator.py'...
Compiling 'dist/osx_arm64/python/python/lib/python3.10/lib2to3/fixes/fix_paren.py'...
Compiling 'dist/osx_arm64/python/python/lib/python3.10/lib2to3/fixes/fix_print.py'...
Compiling 'dist/osx_arm64/python/python/lib/python3.10/lib2to3/fixes/fix_raise.py'...
Compiling 'dist/osx_arm64/python/python/lib/python3.10/lib2to3/fixes/fix_raw_input.py'...
Compiling 'dist/osx_arm64/python/python/lib/python3.10/lib2to3/fixes/fix_reduce.py'...
Compiling 'dist/osx_arm64/python/python/lib/python3.10/lib2to3/fixes/fix_reload.py'...
Compiling 'dist/osx_arm64/python/python/lib/python3.10/lib2to3/fixes/fix_renames.py'...
Compiling 'dist/osx_arm64/python/python/lib/python3.10/lib2to3/fixes/fix_repr.py'...
Compiling 'dist/osx_arm64/python/python/lib/python3.10/lib2to3/fixes/fix_set_literal.py'...
Compiling 'dist/osx_arm64/python/python/lib/python3.10/lib2to3/fixes/fix_standarderror.py'...
Compiling 'dist/osx_arm64/python/python/lib/python3.10/lib2to3/fixes/fix_sys_exc.py'...
Compiling 'dist/osx_arm64/python/python/lib/python3.10/lib2to3/fixes/fix_throw.py'...
Compiling 'dist/osx_arm64/python/python/lib/python3.10/lib2to3/fixes/fix_tuple_params.py'...
Compiling 'dist/osx_arm64/python/python/lib/python3.10/lib2to3/fixes/fix_types.py'...
Compiling 'dist/osx_arm64/python/python/lib/python3.10/lib2to3/fixes/fix_unicode.py'...
Compiling 'dist/osx_arm64/python/python/lib/python3.10/lib2to3/fixes/fix_urllib.py'...
Compiling 'dist/osx_arm64/python/python/lib/python3.10/lib2to3/fixes/fix_ws_comma.py'...
Compiling 'dist/osx_arm64/python/python/lib/python3.10/lib2to3/fixes/fix_xrange.py'...
Compiling 'dist/osx_arm64/python/python/lib/python3.10/lib2to3/fixes/fix_xreadlines.py'...
Compiling 'dist/osx_arm64/python/python/lib/python3.10/lib2to3/fixes/fix_zip.py'...
Compiling 'dist/osx_arm64/python/python/lib/python3.10/lib2to3/main.py'...
Compiling 'dist/osx_arm64/python/python/lib/python3.10/lib2to3/patcomp.py'...
Listing 'dist/osx_arm64/python/python/lib/python3.10/lib2to3/pgen2'...
Compiling 'dist/osx_arm64/python/python/lib/python3.10/lib2to3/pgen2/__init__.py'...
Compiling 'dist/osx_arm64/python/python/lib/python3.10/lib2to3/pgen2/conv.py'...
Compiling 'dist/osx_arm64/python/python/lib/python3.10/lib2to3/pgen2/driver.py'...
Compiling 'dist/osx_arm64/python/python/lib/python3.10/lib2to3/pgen2/grammar.py'...
Compiling 'dist/osx_arm64/python/python/lib/python3.10/lib2to3/pgen2/literals.py'...
Compiling 'dist/osx_arm64/python/python/lib/python3.10/lib2to3/pgen2/parse.py'...
Compiling 'dist/osx_arm64/python/python/lib/python3.10/lib2to3/pgen2/pgen.py'...
Compiling 'dist/osx_arm64/python/python/lib/python3.10/lib2to3/pgen2/token.py'...
Compiling 'dist/osx_arm64/python/python/lib/python3.10/lib2to3/pgen2/tokenize.py'...
Compiling 'dist/osx_arm64/python/python/lib/python3.10/lib2to3/pygram.py'...
Compiling 'dist/osx_arm64/python/python/lib/python3.10/lib2to3/pytree.py'...
Compiling 'dist/osx_arm64/python/python/lib/python3.10/lib2to3/refactor.py'...
Compiling 'dist/osx_arm64/python/python/lib/python3.10/linecache.py'...
Compiling 'dist/osx_arm64/python/python/lib/python3.10/locale.py'...
Listing 'dist/osx_arm64/python/python/lib/python3.10/logging'...
Compiling 'dist/osx_arm64/python/python/lib/python3.10/logging/__init__.py'...
Compiling 'dist/osx_arm64/python/python/lib/python3.10/logging/config.py'...
Compiling 'dist/osx_arm64/python/python/lib/python3.10/logging/handlers.py'...
Compiling 'dist/osx_arm64/python/python/lib/python3.10/lzma.py'...
Compiling 'dist/osx_arm64/python/python/lib/python3.10/mailbox.py'...
Compiling 'dist/osx_arm64/python/python/lib/python3.10/mailcap.py'...
Compiling 'dist/osx_arm64/python/python/lib/python3.10/mimetypes.py'...
Compiling 'dist/osx_arm64/python/python/lib/python3.10/modulefinder.py'...
Listing 'dist/osx_arm64/python/python/lib/python3.10/multiprocessing'...
Compiling 'dist/osx_arm64/python/python/lib/python3.10/multiprocessing/__init__.py'...
Compiling 'dist/osx_arm64/python/python/lib/python3.10/multiprocessing/connection.py'...
Compiling 'dist/osx_arm64/python/python/lib/python3.10/multiprocessing/context.py'...
Listing 'dist/osx_arm64/python/python/lib/python3.10/multiprocessing/dummy'...
Compiling 'dist/osx_arm64/python/python/lib/python3.10/multiprocessing/dummy/__init__.py'...
Compiling 'dist/osx_arm64/python/python/lib/python3.10/multiprocessing/dummy/connection.py'...
Compiling 'dist/osx_arm64/python/python/lib/python3.10/multiprocessing/forkserver.py'...
Compiling 'dist/osx_arm64/python/python/lib/python3.10/multiprocessing/heap.py'...
Compiling 'dist/osx_arm64/python/python/lib/python3.10/multiprocessing/managers.py'...
Compiling 'dist/osx_arm64/python/python/lib/python3.10/multiprocessing/pool.py'...
Compiling 'dist/osx_arm64/python/python/lib/python3.10/multiprocessing/popen_fork.py'...
Compiling 'dist/osx_arm64/python/python/lib/python3.10/multiprocessing/popen_forkserver.py'...
Compiling 'dist/osx_arm64/python/python/lib/python3.10/multiprocessing/popen_spawn_posix.py'...
Compiling 'dist/osx_arm64/python/python/lib/python3.10/multiprocessing/popen_spawn_win32.py'...
Compiling 'dist/osx_arm64/python/python/lib/python3.10/multiprocessing/process.py'...
Compiling 'dist/osx_arm64/python/python/lib/python3.10/multiprocessing/queues.py'...
Compiling 'dist/osx_arm64/python/python/lib/python3.10/multiprocessing/reduction.py'...
Compiling 'dist/osx_arm64/python/python/lib/python3.10/multiprocessing/resource_sharer.py'...
Compiling 'dist/osx_arm64/python/python/lib/python3.10/multiprocessing/resource_tracker.py'...
Compiling 'dist/osx_arm64/python/python/lib/python3.10/multiprocessing/shared_memory.py'...
Compiling 'dist/osx_arm64/python/python/lib/python3.10/multiprocessing/sharedctypes.py'...
Compiling 'dist/osx_arm64/python/python/lib/python3.10/multiprocessing/spawn.py'...
Compiling 'dist/osx_arm64/python/python/lib/python3.10/multiprocessing/synchronize.py'...
Compiling 'dist/osx_arm64/python/python/lib/python3.10/multiprocessing/util.py'...
Compiling 'dist/osx_arm64/python/python/lib/python3.10/netrc.py'...
Compiling 'dist/osx_arm64/python/python/lib/python3.10/nntplib.py'...
Compiling 'dist/osx_arm64/python/python/lib/python3.10/ntpath.py'...
Compiling 'dist/osx_arm64/python/python/lib/python3.10/nturl2path.py'...
Compiling 'dist/osx_arm64/python/python/lib/python3.10/numbers.py'...
Compiling 'dist/osx_arm64/python/python/lib/python3.10/opcode.py'...
Compiling 'dist/osx_arm64/python/python/lib/python3.10/operator.py'...
Compiling 'dist/osx_arm64/python/python/lib/python3.10/optparse.py'...
Compiling 'dist/osx_arm64/python/python/lib/python3.10/os.py'...
Compiling 'dist/osx_arm64/python/python/lib/python3.10/pathlib.py'...
Compiling 'dist/osx_arm64/python/python/lib/python3.10/pdb.py'...
Compiling 'dist/osx_arm64/python/python/lib/python3.10/pickle.py'...
Compiling 'dist/osx_arm64/python/python/lib/python3.10/pickletools.py'...
Compiling 'dist/osx_arm64/python/python/lib/python3.10/pipes.py'...
Compiling 'dist/osx_arm64/python/python/lib/python3.10/pkgutil.py'...
Compiling 'dist/osx_arm64/python/python/lib/python3.10/platform.py'...
Compiling 'dist/osx_arm64/python/python/lib/python3.10/plistlib.py'...
Compiling 'dist/osx_arm64/python/python/lib/python3.10/poplib.py'...
Compiling 'dist/osx_arm64/python/python/lib/python3.10/posixpath.py'...
Compiling 'dist/osx_arm64/python/python/lib/python3.10/pprint.py'...
Compiling 'dist/osx_arm64/python/python/lib/python3.10/profile.py'...
Compiling 'dist/osx_arm64/python/python/lib/python3.10/pstats.py'...
Compiling 'dist/osx_arm64/python/python/lib/python3.10/pty.py'...
Compiling 'dist/osx_arm64/python/python/lib/python3.10/py_compile.py'...
Compiling 'dist/osx_arm64/python/python/lib/python3.10/pyclbr.py'...
Compiling 'dist/osx_arm64/python/python/lib/python3.10/pydoc.py'...
Listing 'dist/osx_arm64/python/python/lib/python3.10/pydoc_data'...
Compiling 'dist/osx_arm64/python/python/lib/python3.10/pydoc_data/__init__.py'...
Compiling 'dist/osx_arm64/python/python/lib/python3.10/pydoc_data/topics.py'...
Compiling 'dist/osx_arm64/python/python/lib/python3.10/queue.py'...
Compiling 'dist/osx_arm64/python/python/lib/python3.10/quopri.py'...
Compiling 'dist/osx_arm64/python/python/lib/python3.10/random.py'...
Compiling 'dist/osx_arm64/python/python/lib/python3.10/re.py'...
Compiling 'dist/osx_arm64/python/python/lib/python3.10/reprlib.py'...
Compiling 'dist/osx_arm64/python/python/lib/python3.10/rlcompleter.py'...
Compiling 'dist/osx_arm64/python/python/lib/python3.10/runpy.py'...
Compiling 'dist/osx_arm64/python/python/lib/python3.10/sched.py'...
Compiling 'dist/osx_arm64/python/python/lib/python3.10/secrets.py'...
Compiling 'dist/osx_arm64/python/python/lib/python3.10/selectors.py'...
Compiling 'dist/osx_arm64/python/python/lib/python3.10/shelve.py'...
Compiling 'dist/osx_arm64/python/python/lib/python3.10/shlex.py'...
Compiling 'dist/osx_arm64/python/python/lib/python3.10/shutil.py'...
Compiling 'dist/osx_arm64/python/python/lib/python3.10/signal.py'...
Listing 'dist/osx_arm64/python/python/lib/python3.10/site-packages'...
Compiling 'dist/osx_arm64/python/python/lib/python3.10/site-packages/bake_texture.py'...
Listing 'dist/osx_arm64/python/python/lib/python3.10/site-packages/lgm'...
Compiling 'dist/osx_arm64/python/python/lib/python3.10/site-packages/lgm/__init__.py'...
Compiling 'dist/osx_arm64/python/python/lib/python3.10/site-packages/lgm/attention.py'...
Compiling 'dist/osx_arm64/python/python/lib/python3.10/site-packages/lgm/gs.py'...
Compiling 'dist/osx_arm64/python/python/lib/python3.10/site-packages/lgm/models.py'...
Compiling 'dist/osx_arm64/python/python/lib/python3.10/site-packages/lgm/options.py'...
Compiling 'dist/osx_arm64/python/python/lib/python3.10/site-packages/lgm/provider_objaverse.py'...
Compiling 'dist/osx_arm64/python/python/lib/python3.10/site-packages/lgm/unet.py'...
Compiling 'dist/osx_arm64/python/python/lib/python3.10/site-packages/lgm/utils.py'...
Listing 'dist/osx_arm64/python/python/lib/python3.10/site-packages/models'...
Compiling 'dist/osx_arm64/python/python/lib/python3.10/site-packages/models/isosurface.py'...
Compiling 'dist/osx_arm64/python/python/lib/python3.10/site-packages/models/nerf_renderer.py'...
Compiling 'dist/osx_arm64/python/python/lib/python3.10/site-packages/models/network_utils.py'...
Listing 'dist/osx_arm64/python/python/lib/python3.10/site-packages/models/tokenizers'...
Compiling 'dist/osx_arm64/python/python/lib/python3.10/site-packages/models/tokenizers/image.py'...
Compiling 'dist/osx_arm64/python/python/lib/python3.10/site-packages/models/tokenizers/triplane.py'...
Listing 'dist/osx_arm64/python/python/lib/python3.10/site-packages/models/transformer'...
Compiling 'dist/osx_arm64/python/python/lib/python3.10/site-packages/models/transformer/attention.py'...
Compiling 'dist/osx_arm64/python/python/lib/python3.10/site-packages/models/transformer/basic_transformer_block.py'...
Compiling 'dist/osx_arm64/python/python/lib/python3.10/site-packages/models/transformer/transformer_1d.py'...
Compiling 'dist/osx_arm64/python/python/lib/python3.10/site-packages/system.py'...
Listing 'dist/osx_arm64/python/python/lib/python3.10/site-packages/unirig'...
Listing 'dist/osx_arm64/python/python/lib/python3.10/site-packages/unirig/data'...
Compiling 'dist/osx_arm64/python/python/lib/python3.10/site-packages/unirig/data/__init__.py'...
Compiling 'dist/osx_arm64/python/python/lib/python3.10/site-packages/unirig/data/asset.py'...
Compiling 'dist/osx_arm64/python/python/lib/python3.10/site-packages/unirig/data/augment.py'...
Compiling 'dist/osx_arm64/python/python/lib/python3.10/site-packages/unirig/data/datapath.py'...
Compiling 'dist/osx_arm64/python/python/lib/python3.10/site-packages/unirig/data/dataset.py'...
Compiling 'dist/osx_arm64/python/python/lib/python3.10/site-packages/unirig/data/exporter.py'...
Compiling 'dist/osx_arm64/python/python/lib/python3.10/site-packages/unirig/data/extract.py'...
Compiling 'dist/osx_arm64/python/python/lib/python3.10/site-packages/unirig/data/log.py'...
Compiling 'dist/osx_arm64/python/python/lib/python3.10/site-packages/unirig/data/order.py'...
Compiling 'dist/osx_arm64/python/python/lib/python3.10/site-packages/unirig/data/raw_data.py'...
Compiling 'dist/osx_arm64/python/python/lib/python3.10/site-packages/unirig/data/sampler.py'...
Compiling 'dist/osx_arm64/python/python/lib/python3.10/site-packages/unirig/data/spec.py'...
Compiling 'dist/osx_arm64/python/python/lib/python3.10/site-packages/unirig/data/tail.py'...
Compiling 'dist/osx_arm64/python/python/lib/python3.10/site-packages/unirig/data/transform.py'...
Compiling 'dist/osx_arm64/python/python/lib/python3.10/site-packages/unirig/data/utils.py'...
Compiling 'dist/osx_arm64/python/python/lib/python3.10/site-packages/unirig/data/vertex_group.py'...
Listing 'dist/osx_arm64/python/python/lib/python3.10/site-packages/unirig/inference'...
Compiling 'dist/osx_arm64/python/python/lib/python3.10/site-packages/unirig/inference/download.py'...
Compiling 'dist/osx_arm64/python/python/lib/python3.10/site-packages/unirig/inference/get_list.py'...
Compiling 'dist/osx_arm64/python/python/lib/python3.10/site-packages/unirig/inference/merge.py'...
Listing 'dist/osx_arm64/python/python/lib/python3.10/site-packages/unirig/model'...
Compiling 'dist/osx_arm64/python/python/lib/python3.10/site-packages/unirig/model/__init__.py'...
Listing 'dist/osx_arm64/python/python/lib/python3.10/site-packages/unirig/model/michelangelo'...
Compiling 'dist/osx_arm64/python/python/lib/python3.10/site-packages/unirig/model/michelangelo/__init__.py'...
Compiling 'dist/osx_arm64/python/python/lib/python3.10/site-packages/unirig/model/michelangelo/get_model.py'...
Listing 'dist/osx_arm64/python/python/lib/python3.10/site-packages/unirig/model/michelangelo/models'...
Compiling 'dist/osx_arm64/python/python/lib/python3.10/site-packages/unirig/model/michelangelo/models/__init__.py'...
Listing 'dist/osx_arm64/python/python/lib/python3.10/site-packages/unirig/model/michelangelo/models/modules'...
Compiling 'dist/osx_arm64/python/python/lib/python3.10/site-packages/unirig/model/michelangelo/models/modules/__init__.py'...
Compiling 'dist/osx_arm64/python/python/lib/python3.10/site-packages/unirig/model/michelangelo/models/modules/checkpoint.py'...
Compiling 'dist/osx_arm64/python/python/lib/python3.10/site-packages/unirig/model/michelangelo/models/modules/embedder.py'...
Compiling 'dist/osx_arm64/python/python/lib/python3.10/site-packages/unirig/model/michelangelo/models/modules/transformer_blocks.py'...
Listing 'dist/osx_arm64/python/python/lib/python3.10/site-packages/unirig/model/michelangelo/models/tsal'...
Compiling 'dist/osx_arm64/python/python/lib/python3.10/site-packages/unirig/model/michelangelo/models/tsal/__init__.py'...
Compiling 'dist/osx_arm64/python/python/lib/python3.10/site-packages/unirig/model/michelangelo/models/tsal/sal_perceiver.py'...
Compiling 'dist/osx_arm64/python/python/lib/python3.10/site-packages/unirig/model/michelangelo/models/tsal/tsal_base.py'...
Compiling 'dist/osx_arm64/python/python/lib/python3.10/site-packages/unirig/model/parse.py'...
Compiling 'dist/osx_arm64/python/python/lib/python3.10/site-packages/unirig/model/parse_encoder.py'...
Listing 'dist/osx_arm64/python/python/lib/python3.10/site-packages/unirig/model/pointcept'...
Compiling 'dist/osx_arm64/python/python/lib/python3.10/site-packages/unirig/model/pointcept/__init__.py'...
Listing 'dist/osx_arm64/python/python/lib/python3.10/site-packages/unirig/model/pointcept/datasets'...
Compiling 'dist/osx_arm64/python/python/lib/python3.10/site-packages/unirig/model/pointcept/datasets/__init__.py'...
Compiling 'dist/osx_arm64/python/python/lib/python3.10/site-packages/unirig/model/pointcept/datasets/builder.py'...
Compiling 'dist/osx_arm64/python/python/lib/python3.10/site-packages/unirig/model/pointcept/datasets/dataset_render_16views.py'...
Compiling 'dist/osx_arm64/python/python/lib/python3.10/site-packages/unirig/model/pointcept/datasets/sampart3d_util.py'...
Compiling 'dist/osx_arm64/python/python/lib/python3.10/site-packages/unirig/model/pointcept/datasets/transform.py'...
Compiling 'dist/osx_arm64/python/python/lib/python3.10/site-packages/unirig/model/pointcept/datasets/utils.py'...
Listing 'dist/osx_arm64/python/python/lib/python3.10/site-packages/unirig/model/pointcept/engines'...
Compiling 'dist/osx_arm64/python/python/lib/python3.10/site-packages/unirig/model/pointcept/engines/__init__.py'...
Compiling 'dist/osx_arm64/python/python/lib/python3.10/site-packages/unirig/model/pointcept/engines/defaults.py'...
Compiling 'dist/osx_arm64/python/python/lib/python3.10/site-packages/unirig/model/pointcept/engines/eval.py'...
Listing 'dist/osx_arm64/python/python/lib/python3.10/site-packages/unirig/model/pointcept/engines/hooks'...
Compiling 'dist/osx_arm64/python/python/lib/python3.10/site-packages/unirig/model/pointcept/engines/hooks/__init__.py'...
Compiling 'dist/osx_arm64/python/python/lib/python3.10/site-packages/unirig/model/pointcept/engines/hooks/builder.py'...
Compiling 'dist/osx_arm64/python/python/lib/python3.10/site-packages/unirig/model/pointcept/engines/hooks/default.py'...
Compiling 'dist/osx_arm64/python/python/lib/python3.10/site-packages/unirig/model/pointcept/engines/hooks/evaluator.py'...
Compiling 'dist/osx_arm64/python/python/lib/python3.10/site-packages/unirig/model/pointcept/engines/hooks/misc.py'...
Compiling 'dist/osx_arm64/python/python/lib/python3.10/site-packages/unirig/model/pointcept/engines/launch.py'...
Compiling 'dist/osx_arm64/python/python/lib/python3.10/site-packages/unirig/model/pointcept/engines/train.py'...
Listing 'dist/osx_arm64/python/python/lib/python3.10/site-packages/unirig/model/pointcept/models'...
Compiling 'dist/osx_arm64/python/python/lib/python3.10/site-packages/unirig/model/pointcept/models/PTv3Object.py'...
Compiling 'dist/osx_arm64/python/python/lib/python3.10/site-packages/unirig/model/pointcept/models/__init__.py'...
Compiling 'dist/osx_arm64/python/python/lib/python3.10/site-packages/unirig/model/pointcept/models/modules.py'...
Listing 'dist/osx_arm64/python/python/lib/python3.10/site-packages/unirig/model/pointcept/models/utils'...
Compiling 'dist/osx_arm64/python/python/lib/python3.10/site-packages/unirig/model/pointcept/models/utils/__init__.py'...
Compiling 'dist/osx_arm64/python/python/lib/python3.10/site-packages/unirig/model/pointcept/models/utils/checkpoint.py'...
Compiling 'dist/osx_arm64/python/python/lib/python3.10/site-packages/unirig/model/pointcept/models/utils/misc.py'...
Listing 'dist/osx_arm64/python/python/lib/python3.10/site-packages/unirig/model/pointcept/models/utils/serialization'...
Compiling 'dist/osx_arm64/python/python/lib/python3.10/site-packages/unirig/model/pointcept/models/utils/serialization/__init__.py'...
Compiling 'dist/osx_arm64/python/python/lib/python3.10/site-packages/unirig/model/pointcept/models/utils/serialization/default.py'...
Compiling 'dist/osx_arm64/python/python/lib/python3.10/site-packages/unirig/model/pointcept/models/utils/serialization/hilbert.py'...
Compiling 'dist/osx_arm64/python/python/lib/python3.10/site-packages/unirig/model/pointcept/models/utils/serialization/z_order.py'...
Compiling 'dist/osx_arm64/python/python/lib/python3.10/site-packages/unirig/model/pointcept/models/utils/structure.py'...
Listing 'dist/osx_arm64/python/python/lib/python3.10/site-packages/unirig/model/pointcept/utils'...
Compiling 'dist/osx_arm64/python/python/lib/python3.10/site-packages/unirig/model/pointcept/utils/__init__.py'...
Compiling 'dist/osx_arm64/python/python/lib/python3.10/site-packages/unirig/model/pointcept/utils/cache.py'...
Compiling 'dist/osx_arm64/python/python/lib/python3.10/site-packages/unirig/model/pointcept/utils/comm.py'...
Compiling 'dist/osx_arm64/python/python/lib/python3.10/site-packages/unirig/model/pointcept/utils/config.py'...
Compiling 'dist/osx_arm64/python/python/lib/python3.10/site-packages/unirig/model/pointcept/utils/env.py'...
Compiling 'dist/osx_arm64/python/python/lib/python3.10/site-packages/unirig/model/pointcept/utils/events.py'...
Compiling 'dist/osx_arm64/python/python/lib/python3.10/site-packages/unirig/model/pointcept/utils/logger.py'...
Compiling 'dist/osx_arm64/python/python/lib/python3.10/site-packages/unirig/model/pointcept/utils/misc.py'...
Compiling 'dist/osx_arm64/python/python/lib/python3.10/site-packages/unirig/model/pointcept/utils/optimizer.py'...
Compiling 'dist/osx_arm64/python/python/lib/python3.10/site-packages/unirig/model/pointcept/utils/path.py'...
Compiling 'dist/osx_arm64/python/python/lib/python3.10/site-packages/unirig/model/pointcept/utils/registry.py'...
Compiling 'dist/osx_arm64/python/python/lib/python3.10/site-packages/unirig/model/pointcept/utils/scheduler.py'...
Compiling 'dist/osx_arm64/python/python/lib/python3.10/site-packages/unirig/model/pointcept/utils/timer.py'...
Compiling 'dist/osx_arm64/python/python/lib/python3.10/site-packages/unirig/model/pointcept/utils/visualization.py'...
Compiling 'dist/osx_arm64/python/python/lib/python3.10/site-packages/unirig/model/spec.py'...
Compiling 'dist/osx_arm64/python/python/lib/python3.10/site-packages/unirig/model/unirig_ar.py'...
Compiling 'dist/osx_arm64/python/python/lib/python3.10/site-packages/unirig/model/unirig_skin.py'...
Listing 'dist/osx_arm64/python/python/lib/python3.10/site-packages/unirig/system'...
Compiling 'dist/osx_arm64/python/python/lib/python3.10/site-packages/unirig/system/__init__.py'...
Compiling 'dist/osx_arm64/python/python/lib/python3.10/site-packages/unirig/system/ar.py'...
Compiling 'dist/osx_arm64/python/python/lib/python3.10/site-packages/unirig/system/metrics.py'...
Compiling 'dist/osx_arm64/python/python/lib/python3.10/site-packages/unirig/system/optimizer.py'...
Compiling 'dist/osx_arm64/python/python/lib/python3.10/site-packages/unirig/system/parse.py'...
Compiling 'dist/osx_arm64/python/python/lib/python3.10/site-packages/unirig/system/scheduler.py'...
Compiling 'dist/osx_arm64/python/python/lib/python3.10/site-packages/unirig/system/skin.py'...
Listing 'dist/osx_arm64/python/python/lib/python3.10/site-packages/unirig/tokenizer'...
Compiling 'dist/osx_arm64/python/python/lib/python3.10/site-packages/unirig/tokenizer/__init__.py'...
Compiling 'dist/osx_arm64/python/python/lib/python3.10/site-packages/unirig/tokenizer/parse.py'...
Compiling 'dist/osx_arm64/python/python/lib/python3.10/site-packages/unirig/tokenizer/spec.py'...
Compiling 'dist/osx_arm64/python/python/lib/python3.10/site-packages/unirig/tokenizer/tokenizer_part.py'...
Compiling 'dist/osx_arm64/python/python/lib/python3.10/site-packages/utils.py'...
Listing 'dist/osx_arm64/python/python/lib/python3.10/site-packages/wonder3d'...
Listing 'dist/osx_arm64/python/python/lib/python3.10/site-packages/wonder3d/mvdiffusion'...
Listing 'dist/osx_arm64/python/python/lib/python3.10/site-packages/wonder3d/mvdiffusion/data'...
Listing 'dist/osx_arm64/python/python/lib/python3.10/site-packages/wonder3d/mvdiffusion/data/fixed_poses'...
Listing 'dist/osx_arm64/python/python/lib/python3.10/site-packages/wonder3d/mvdiffusion/data/fixed_poses/nine_views'...
Compiling 'dist/osx_arm64/python/python/lib/python3.10/site-packages/wonder3d/mvdiffusion/data/normal_utils.py'...
Compiling 'dist/osx_arm64/python/python/lib/python3.10/site-packages/wonder3d/mvdiffusion/data/objaverse_dataset.py'...
Compiling 'dist/osx_arm64/python/python/lib/python3.10/site-packages/wonder3d/mvdiffusion/data/single_image_dataset.py'...
Listing 'dist/osx_arm64/python/python/lib/python3.10/site-packages/wonder3d/mvdiffusion/models'...
Compiling 'dist/osx_arm64/python/python/lib/python3.10/site-packages/wonder3d/mvdiffusion/models/transformer_mv2d.py'...
Compiling 'dist/osx_arm64/python/python/lib/python3.10/site-packages/wonder3d/mvdiffusion/models/unet_mv2d_blocks.py'...
Compiling 'dist/osx_arm64/python/python/lib/python3.10/site-packages/wonder3d/mvdiffusion/models/unet_mv2d_condition.py'...
Listing 'dist/osx_arm64/python/python/lib/python3.10/site-packages/wonder3d/mvdiffusion/pipelines'...
Compiling 'dist/osx_arm64/python/python/lib/python3.10/site-packages/wonder3d/mvdiffusion/pipelines/pipeline_mvdiffusion_image.py'...
Compiling 'dist/osx_arm64/python/python/lib/python3.10/site.py'...
Compiling 'dist/osx_arm64/python/python/lib/python3.10/smtpd.py'...
Compiling 'dist/osx_arm64/python/python/lib/python3.10/smtplib.py'...
Compiling 'dist/osx_arm64/python/python/lib/python3.10/sndhdr.py'...
Compiling 'dist/osx_arm64/python/python/lib/python3.10/socket.py'...
Compiling 'dist/osx_arm64/python/python/lib/python3.10/socketserver.py'...
Listing 'dist/osx_arm64/python/python/lib/python3.10/sqlite3'...
Compiling 'dist/osx_arm64/python/python/lib/python3.10/sqlite3/__init__.py'...
Compiling 'dist/osx_arm64/python/python/lib/python3.10/sqlite3/dbapi2.py'...
Compiling 'dist/osx_arm64/python/python/lib/python3.10/sqlite3/dump.py'...
Compiling 'dist/osx_arm64/python/python/lib/python3.10/sre_compile.py'...
Compiling 'dist/osx_arm64/python/python/lib/python3.10/sre_constants.py'...
Compiling 'dist/osx_arm64/python/python/lib/python3.10/sre_parse.py'...
Compiling 'dist/osx_arm64/python/python/lib/python3.10/ssl.py'...
Compiling 'dist/osx_arm64/python/python/lib/python3.10/stat.py'...
Compiling 'dist/osx_arm64/python/python/lib/python3.10/statistics.py'...
Compiling 'dist/osx_arm64/python/python/lib/python3.10/string.py'...
Compiling 'dist/osx_arm64/python/python/lib/python3.10/stringprep.py'...
Compiling 'dist/osx_arm64/python/python/lib/python3.10/struct.py'...
Compiling 'dist/osx_arm64/python/python/lib/python3.10/subprocess.py'...
Compiling 'dist/osx_arm64/python/python/lib/python3.10/sunau.py'...
Compiling 'dist/osx_arm64/python/python/lib/python3.10/symtable.py'...
Compiling 'dist/osx_arm64/python/python/lib/python3.10/sysconfig.py'...
Compiling 'dist/osx_arm64/python/python/lib/python3.10/tabnanny.py'...
Compiling 'dist/osx_arm64/python/python/lib/python3.10/tarfile.py'...
Compiling 'dist/osx_arm64/python/python/lib/python3.10/telnetlib.py'...
Compiling 'dist/osx_arm64/python/python/lib/python3.10/tempfile.py'...
Compiling 'dist/osx_arm64/python/python/lib/python3.10/textwrap.py'...
Compiling 'dist/osx_arm64/python/python/lib/python3.10/this.py'...
Compiling 'dist/osx_arm64/python/python/lib/python3.10/threading.py'...
Compiling 'dist/osx_arm64/python/python/lib/python3.10/timeit.py'...
Listing 'dist/osx_arm64/python/python/lib/python3.10/tkinter'...
Compiling 'dist/osx_arm64/python/python/lib/python3.10/tkinter/__init__.py'...
Compiling 'dist/osx_arm64/python/python/lib/python3.10/tkinter/__main__.py'...
Compiling 'dist/osx_arm64/python/python/lib/python3.10/tkinter/colorchooser.py'...
Compiling 'dist/osx_arm64/python/python/lib/python3.10/tkinter/commondialog.py'...
Compiling 'dist/osx_arm64/python/python/lib/python3.10/tkinter/constants.py'...
Compiling 'dist/osx_arm64/python/python/lib/python3.10/tkinter/dialog.py'...
Compiling 'dist/osx_arm64/python/python/lib/python3.10/tkinter/dnd.py'...
Compiling 'dist/osx_arm64/python/python/lib/python3.10/tkinter/filedialog.py'...
Compiling 'dist/osx_arm64/python/python/lib/python3.10/tkinter/font.py'...
Compiling 'dist/osx_arm64/python/python/lib/python3.10/tkinter/messagebox.py'...
Compiling 'dist/osx_arm64/python/python/lib/python3.10/tkinter/scrolledtext.py'...
Compiling 'dist/osx_arm64/python/python/lib/python3.10/tkinter/simpledialog.py'...
Compiling 'dist/osx_arm64/python/python/lib/python3.10/tkinter/tix.py'...
Compiling 'dist/osx_arm64/python/python/lib/python3.10/tkinter/ttk.py'...
Compiling 'dist/osx_arm64/python/python/lib/python3.10/token.py'...
Compiling 'dist/osx_arm64/python/python/lib/python3.10/tokenize.py'...
Compiling 'dist/osx_arm64/python/python/lib/python3.10/trace.py'...
Compiling 'dist/osx_arm64/python/python/lib/python3.10/traceback.py'...
Compiling 'dist/osx_arm64/python/python/lib/python3.10/tracemalloc.py'...
Compiling 'dist/osx_arm64/python/python/lib/python3.10/tty.py'...
Compiling 'dist/osx_arm64/python/python/lib/python3.10/turtle.py'...
Listing 'dist/osx_arm64/python/python/lib/python3.10/turtledemo'...
Compiling 'dist/osx_arm64/python/python/lib/python3.10/turtledemo/__init__.py'...
Compiling 'dist/osx_arm64/python/python/lib/python3.10/turtledemo/__main__.py'...
Compiling 'dist/osx_arm64/python/python/lib/python3.10/turtledemo/bytedesign.py'...
Compiling 'dist/osx_arm64/python/python/lib/python3.10/turtledemo/chaos.py'...
Compiling 'dist/osx_arm64/python/python/lib/python3.10/turtledemo/clock.py'...
Compiling 'dist/osx_arm64/python/python/lib/python3.10/turtledemo/colormixer.py'...
Compiling 'dist/osx_arm64/python/python/lib/python3.10/turtledemo/forest.py'...
Compiling 'dist/osx_arm64/python/python/lib/python3.10/turtledemo/fractalcurves.py'...
Compiling 'dist/osx_arm64/python/python/lib/python3.10/turtledemo/lindenmayer.py'...
Compiling 'dist/osx_arm64/python/python/lib/python3.10/turtledemo/minimal_hanoi.py'...
Compiling 'dist/osx_arm64/python/python/lib/python3.10/turtledemo/nim.py'...
Compiling 'dist/osx_arm64/python/python/lib/python3.10/turtledemo/paint.py'...
Compiling 'dist/osx_arm64/python/python/lib/python3.10/turtledemo/peace.py'...
Compiling 'dist/osx_arm64/python/python/lib/python3.10/turtledemo/penrose.py'...
Compiling 'dist/osx_arm64/python/python/lib/python3.10/turtledemo/planet_and_moon.py'...
Compiling 'dist/osx_arm64/python/python/lib/python3.10/turtledemo/rosette.py'...
Compiling 'dist/osx_arm64/python/python/lib/python3.10/turtledemo/round_dance.py'...
Compiling 'dist/osx_arm64/python/python/lib/python3.10/turtledemo/sorting_animate.py'...
Compiling 'dist/osx_arm64/python/python/lib/python3.10/turtledemo/tree.py'...
Compiling 'dist/osx_arm64/python/python/lib/python3.10/turtledemo/two_canvases.py'...
Compiling 'dist/osx_arm64/python/python/lib/python3.10/turtledemo/yinyang.py'...
Compiling 'dist/osx_arm64/python/python/lib/python3.10/types.py'...
Compiling 'dist/osx_arm64/python/python/lib/python3.10/typing.py'...
Listing 'dist/osx_arm64/python/python/lib/python3.10/unittest'...
Compiling 'dist/osx_arm64/python/python/lib/python3.10/unittest/__init__.py'...
Compiling 'dist/osx_arm64/python/python/lib/python3.10/unittest/__main__.py'...
Compiling 'dist/osx_arm64/python/python/lib/python3.10/unittest/_log.py'...
Compiling 'dist/osx_arm64/python/python/lib/python3.10/unittest/async_case.py'...
Compiling 'dist/osx_arm64/python/python/lib/python3.10/unittest/case.py'...
Compiling 'dist/osx_arm64/python/python/lib/python3.10/unittest/loader.py'...
Compiling 'dist/osx_arm64/python/python/lib/python3.10/unittest/main.py'...
Compiling 'dist/osx_arm64/python/python/lib/python3.10/unittest/mock.py'...
Compiling 'dist/osx_arm64/python/python/lib/python3.10/unittest/result.py'...
Compiling 'dist/osx_arm64/python/python/lib/python3.10/unittest/runner.py'...
Compiling 'dist/osx_arm64/python/python/lib/python3.10/unittest/signals.py'...
Compiling 'dist/osx_arm64/python/python/lib/python3.10/unittest/suite.py'...
Compiling 'dist/osx_arm64/python/python/lib/python3.10/unittest/util.py'...
Listing 'dist/osx_arm64/python/python/lib/python3.10/urllib'...
Compiling 'dist/osx_arm64/python/python/lib/python3.10/urllib/__init__.py'...
Compiling 'dist/osx_arm64/python/python/lib/python3.10/urllib/error.py'...
Compiling 'dist/osx_arm64/python/python/lib/python3.10/urllib/parse.py'...
Compiling 'dist/osx_arm64/python/python/lib/python3.10/urllib/request.py'...
Compiling 'dist/osx_arm64/python/python/lib/python3.10/urllib/response.py'...
Compiling 'dist/osx_arm64/python/python/lib/python3.10/urllib/robotparser.py'...
Compiling 'dist/osx_arm64/python/python/lib/python3.10/uu.py'...
Compiling 'dist/osx_arm64/python/python/lib/python3.10/uuid.py'...
Listing 'dist/osx_arm64/python/python/lib/python3.10/venv'...
Compiling 'dist/osx_arm64/python/python/lib/python3.10/venv/__init__.py'...
Compiling 'dist/osx_arm64/python/python/lib/python3.10/venv/__main__.py'...
Listing 'dist/osx_arm64/python/python/lib/python3.10/venv/scripts'...
Listing 'dist/osx_arm64/python/python/lib/python3.10/venv/scripts/common'...
Listing 'dist/osx_arm64/python/python/lib/python3.10/venv/scripts/posix'...
Compiling 'dist/osx_arm64/python/python/lib/python3.10/warnings.py'...
Compiling 'dist/osx_arm64/python/python/lib/python3.10/wave.py'...
Compiling 'dist/osx_arm64/python/python/lib/python3.10/weakref.py'...
Compiling 'dist/osx_arm64/python/python/lib/python3.10/webbrowser.py'...
Listing 'dist/osx_arm64/python/python/lib/python3.10/wsgiref'...
Compiling 'dist/osx_arm64/python/python/lib/python3.10/wsgiref/__init__.py'...
Compiling 'dist/osx_arm64/python/python/lib/python3.10/wsgiref/handlers.py'...
Compiling 'dist/osx_arm64/python/python/lib/python3.10/wsgiref/headers.py'...
Compiling 'dist/osx_arm64/python/python/lib/python3.10/wsgiref/simple_server.py'...
Compiling 'dist/osx_arm64/python/python/lib/python3.10/wsgiref/util.py'...
Compiling 'dist/osx_arm64/python/python/lib/python3.10/wsgiref/validate.py'...
Compiling 'dist/osx_arm64/python/python/lib/python3.10/xdrlib.py'...
Listing 'dist/osx_arm64/python/python/lib/python3.10/xml'...
Compiling 'dist/osx_arm64/python/python/lib/python3.10/xml/__init__.py'...
Listing 'dist/osx_arm64/python/python/lib/python3.10/xml/dom'...
Compiling 'dist/osx_arm64/python/python/lib/python3.10/xml/dom/NodeFilter.py'...
Compiling 'dist/osx_arm64/python/python/lib/python3.10/xml/dom/__init__.py'...
Compiling 'dist/osx_arm64/python/python/lib/python3.10/xml/dom/domreg.py'...
Compiling 'dist/osx_arm64/python/python/lib/python3.10/xml/dom/expatbuilder.py'...
Compiling 'dist/osx_arm64/python/python/lib/python3.10/xml/dom/minicompat.py'...
Compiling 'dist/osx_arm64/python/python/lib/python3.10/xml/dom/minidom.py'...
Compiling 'dist/osx_arm64/python/python/lib/python3.10/xml/dom/pulldom.py'...
Compiling 'dist/osx_arm64/python/python/lib/python3.10/xml/dom/xmlbuilder.py'...
Listing 'dist/osx_arm64/python/python/lib/python3.10/xml/etree'...
Compiling 'dist/osx_arm64/python/python/lib/python3.10/xml/etree/ElementInclude.py'...
Compiling 'dist/osx_arm64/python/python/lib/python3.10/xml/etree/ElementPath.py'...
Compiling 'dist/osx_arm64/python/python/lib/python3.10/xml/etree/ElementTree.py'...
Compiling 'dist/osx_arm64/python/python/lib/python3.10/xml/etree/__init__.py'...
Compiling 'dist/osx_arm64/python/python/lib/python3.10/xml/etree/cElementTree.py'...
Listing 'dist/osx_arm64/python/python/lib/python3.10/xml/parsers'...
Compiling 'dist/osx_arm64/python/python/lib/python3.10/xml/parsers/__init__.py'...
Compiling 'dist/osx_arm64/python/python/lib/python3.10/xml/parsers/expat.py'...
Listing 'dist/osx_arm64/python/python/lib/python3.10/xml/sax'...
Compiling 'dist/osx_arm64/python/python/lib/python3.10/xml/sax/__init__.py'...
Compiling 'dist/osx_arm64/python/python/lib/python3.10/xml/sax/_exceptions.py'...
Compiling 'dist/osx_arm64/python/python/lib/python3.10/xml/sax/expatreader.py'...
Compiling 'dist/osx_arm64/python/python/lib/python3.10/xml/sax/handler.py'...
Compiling 'dist/osx_arm64/python/python/lib/python3.10/xml/sax/saxutils.py'...
Compiling 'dist/osx_arm64/python/python/lib/python3.10/xml/sax/xmlreader.py'...
Listing 'dist/osx_arm64/python/python/lib/python3.10/xmlrpc'...
Compiling 'dist/osx_arm64/python/python/lib/python3.10/xmlrpc/__init__.py'...
Compiling 'dist/osx_arm64/python/python/lib/python3.10/xmlrpc/client.py'...
Compiling 'dist/osx_arm64/python/python/lib/python3.10/xmlrpc/server.py'...
Compiling 'dist/osx_arm64/python/python/lib/python3.10/zipapp.py'...
Compiling 'dist/osx_arm64/python/python/lib/python3.10/zipfile.py'...
Compiling 'dist/osx_arm64/python/python/lib/python3.10/zipimport.py'...
Listing 'dist/osx_arm64/python/python/lib/python3.10/zoneinfo'...
Compiling 'dist/osx_arm64/python/python/lib/python3.10/zoneinfo/__init__.py'...
Compiling 'dist/osx_arm64/python/python/lib/python3.10/zoneinfo/_common.py'...
Compiling 'dist/osx_arm64/python/python/lib/python3.10/zoneinfo/_tzpath.py'...
Compiling 'dist/osx_arm64/python/python/lib/python3.10/zoneinfo/_zoneinfo.py'...
Listing 'dist/osx_arm64/python/python/lib/tcl8'...
Listing 'dist/osx_arm64/python/python/lib/tcl8/8.4'...
Listing 'dist/osx_arm64/python/python/lib/tcl8/8.4/platform'...
Listing 'dist/osx_arm64/python/python/lib/tcl8/8.5'...
Listing 'dist/osx_arm64/python/python/lib/tcl8/8.6'...
Listing 'dist/osx_arm64/python/python/lib/tcl8.6'...
Listing 'dist/osx_arm64/python/python/lib/tcl8.6/encoding'...
Listing 'dist/osx_arm64/python/python/lib/tcl8.6/http1.0'...
Listing 'dist/osx_arm64/python/python/lib/tcl8.6/msgs'...
Listing 'dist/osx_arm64/python/python/lib/tcl8.6/opt0.4'...
Listing 'dist/osx_arm64/python/python/lib/thread2.8.7'...
Listing 'dist/osx_arm64/python/python/lib/tk8.6'...
Listing 'dist/osx_arm64/python/python/lib/tk8.6/demos'...
Listing 'dist/osx_arm64/python/python/lib/tk8.6/demos/images'...
Listing 'dist/osx_arm64/python/python/lib/tk8.6/images'...
Listing 'dist/osx_arm64/python/python/lib/tk8.6/msgs'...
Listing 'dist/osx_arm64/python/python/lib/tk8.6/ttk'...
Listing 'dist/osx_arm64/python/python/share'...
Listing 'dist/osx_arm64/python/python/share/man'...
Listing 'dist/osx_arm64/python/python/share/man/man1'...
WARNING: You are running on Windows but targeting a non-Windows platform.
The script executes the downloaded python binary to install packages.
This will likely FAIL unless you are using WSL or compatible environment.
Setting up Python for osx_arm64 in dist/osx_arm64/python...
Downloading https://github.com/indygreg/python-build-standalone/releases/download/20230507/cpython-3.10.11+20230507-aarch64-apple-darwin-install_only.tar.gz...
Extracting...
Enabling site module in ._pth file...
DEBUG: python_root = dist/osx_arm64/python/python
DEBUG: python_root exists = True
DEBUG: lib_dir = dist/osx_arm64/python/python/lib
DEBUG: lib_dir exists = True
DEBUG: lib_dir contents = ['libpython3.10.dylib', 'pkgconfig', 'thread2.8.7', 'python3.10', 'tk8.6', 'tcl8.6', 'itcl4.2.2', 'tcl8']
DEBUG: py_dirs = ['python3.10']
DEBUG: site_packages = dist/osx_arm64/python/python/lib/python3.10/site-packages
Cleaning existing site-packages: dist/osx_arm64/python/python/lib/python3.10/site-packages
Target site-packages: dist/osx_arm64/python/python/lib/python3.10/site-packages
DEBUG: site_packages exists after makedirs = True
Downloading get-pip.py...
============================================================
STEP: Installing pip to embedded Python...
  Python executable: dist/osx_arm64/python/python/bin/python3
  Python executable exists: True
  get-pip.py path: dist/osx_arm64/python/get-pip.py
============================================================
  get-pip.py stdout:
Collecting pip
  Using cached pip-25.3-py3-none-any.whl.metadata (4.7 kB)
Collecting setuptools
  Using cached setuptools-80.9.0-py3-none-any.whl.metadata (6.6 kB)
Collecting wheel
  Using cached wheel-0.45.1-py3-none-any.whl.metadata (2.3 kB)
Using cached pip-25.3-py3-none-any.whl (1.8 MB)
Using cached setuptools-80.9.0-py3-none-any.whl (1.2 MB)
Using cached wheel-0.45.1-py3-none-any.whl (72 kB)
Installing collected packages: wheel, setuptools, pip

Successfully installed pip-25.3 setuptools-80.9.0 wheel-0.45.1

  Pip installed successfully
  Verifying pip installation...
  pip --version: pip 25.3 from /Users/matteo/RiderProjects/NeRF_Translator/scripts/dist/osx_arm64/python/python/lib/python3.10/site-packages/pip (python 3.10)
============================================================
STEP: Installing libraries to dist/osx_arm64/python/python/lib/python3.10/site-packages...
  Libraries: Pillow, accelerate, diffusers, einops, fire, kiui, kornia, numpy, omegaconf, onnxruntime, opencv-python, rembg, scipy, torch, torchvision, transformers, trimesh
============================================================
  Command: dist/osx_arm64/python/python/bin/python3 -m pip install --target dist/osx_arm64/python/python/lib/python3.10/site-packages --upgrade --no-warn-script-location [... 17 packages]
  Installing (this may take several minutes)...
------------------------------------------------------------
  Collecting Pillow
    Using cached pillow-12.0.0-cp310-cp310-macosx_11_0_arm64.whl.metadata (8.8 kB)
  Collecting accelerate
    Using cached accelerate-1.12.0-py3-none-any.whl.metadata (19 kB)
  Collecting diffusers
    Using cached diffusers-0.36.0-py3-none-any.whl.metadata (20 kB)
  Collecting einops
    Using cached einops-0.8.1-py3-none-any.whl.metadata (13 kB)
  Collecting fire
    Using cached fire-0.7.1-py3-none-any.whl.metadata (5.8 kB)
  Collecting kiui
    Using cached kiui-0.3.1-py3-none-any.whl.metadata (16 kB)
  Collecting kornia
    Using cached kornia-0.8.2-py2.py3-none-any.whl.metadata (18 kB)
  Collecting numpy
    Using cached numpy-2.2.6-cp310-cp310-macosx_14_0_arm64.whl.metadata (62 kB)
  Collecting omegaconf
    Using cached omegaconf-2.3.0-py3-none-any.whl.metadata (3.9 kB)
  Collecting onnxruntime
    Using cached onnxruntime-1.23.2-cp310-cp310-macosx_13_0_arm64.whl.metadata (5.1 kB)
  Collecting opencv-python
    Using cached opencv_python-4.12.0.88-cp37-abi3-macosx_13_0_arm64.whl.metadata (19 kB)
  Collecting rembg
    Using cached rembg-2.0.69-py3-none-any.whl.metadata (17 kB)
  Collecting scipy
    Using cached scipy-1.15.3-cp310-cp310-macosx_14_0_arm64.whl.metadata (61 kB)
  Collecting torch
    Using cached torch-2.9.1-cp310-none-macosx_11_0_arm64.whl.metadata (30 kB)
  Collecting torchvision
    Using cached torchvision-0.24.1-cp310-cp310-macosx_11_0_arm64.whl.metadata (5.9 kB)
  Collecting transformers
    Using cached transformers-4.57.3-py3-none-any.whl.metadata (43 kB)
  Collecting trimesh
    Using cached trimesh-4.10.1-py3-none-any.whl.metadata (13 kB)
  Collecting packaging>=20.0 (from accelerate)
    Using cached packaging-25.0-py3-none-any.whl.metadata (3.3 kB)
  Collecting psutil (from accelerate)
    Using cached psutil-7.2.0-cp36-abi3-macosx_11_0_arm64.whl.metadata (22 kB)
  Collecting pyyaml (from accelerate)
    Using cached pyyaml-6.0.3-cp310-cp310-macosx_11_0_arm64.whl.metadata (2.4 kB)
  Collecting huggingface_hub>=0.21.0 (from accelerate)
    Using cached huggingface_hub-1.2.3-py3-none-any.whl.metadata (13 kB)
  Collecting safetensors>=0.4.3 (from accelerate)
    Using cached safetensors-0.7.0-cp38-abi3-macosx_11_0_arm64.whl.metadata (4.1 kB)
  Collecting importlib_metadata (from diffusers)
    Using cached importlib_metadata-8.7.1-py3-none-any.whl.metadata (4.7 kB)
  Collecting filelock (from diffusers)
    Using cached filelock-3.20.1-py3-none-any.whl.metadata (2.1 kB)
  Collecting httpx<1.0.0 (from diffusers)
    Using cached httpx-0.28.1-py3-none-any.whl.metadata (7.1 kB)
  Collecting regex!=2019.12.17 (from diffusers)
    Using cached regex-2025.11.3-cp310-cp310-macosx_11_0_arm64.whl.metadata (40 kB)
  Collecting requests (from diffusers)
    Using cached requests-2.32.5-py3-none-any.whl.metadata (4.9 kB)
  Collecting anyio (from httpx<1.0.0->diffusers)
    Using cached anyio-4.12.0-py3-none-any.whl.metadata (4.3 kB)
  Collecting certifi (from httpx<1.0.0->diffusers)
    Using cached certifi-2025.11.12-py3-none-any.whl.metadata (2.5 kB)
  Collecting httpcore==1.* (from httpx<1.0.0->diffusers)
    Using cached httpcore-1.0.9-py3-none-any.whl.metadata (21 kB)
  Collecting idna (from httpx<1.0.0->diffusers)
    Using cached idna-3.11-py3-none-any.whl.metadata (8.4 kB)
  Collecting h11>=0.16 (from httpcore==1.*->httpx<1.0.0->diffusers)
    Using cached h11-0.16.0-py3-none-any.whl.metadata (8.3 kB)
  Collecting fsspec>=2023.5.0 (from huggingface_hub>=0.21.0->accelerate)
    Using cached fsspec-2025.12.0-py3-none-any.whl.metadata (10 kB)
  Collecting hf-xet<2.0.0,>=1.2.0 (from huggingface_hub>=0.21.0->accelerate)
    Using cached hf_xet-1.2.0-cp37-abi3-macosx_11_0_arm64.whl.metadata (4.9 kB)
  Collecting shellingham (from huggingface_hub>=0.21.0->accelerate)
    Using cached shellingham-1.5.4-py2.py3-none-any.whl.metadata (3.5 kB)
  Collecting tqdm>=4.42.1 (from huggingface_hub>=0.21.0->accelerate)
    Using cached tqdm-4.67.1-py3-none-any.whl.metadata (57 kB)
  Collecting typer-slim (from huggingface_hub>=0.21.0->accelerate)
    Using cached typer_slim-0.21.0-py3-none-any.whl.metadata (16 kB)
  Collecting typing-extensions>=3.7.4.3 (from huggingface_hub>=0.21.0->accelerate)
    Using cached typing_extensions-4.15.0-py3-none-any.whl.metadata (3.3 kB)
  Collecting termcolor (from fire)
    Using cached termcolor-3.2.0-py3-none-any.whl.metadata (6.4 kB)
  Collecting lazy_loader (from kiui)
    Using cached lazy_loader-0.4-py3-none-any.whl.metadata (7.6 kB)
  Collecting varname (from kiui)
    Using cached varname-0.15.1-py3-none-any.whl.metadata (13 kB)
  Collecting objprint (from kiui)
    Using cached objprint-0.3.0-py3-none-any.whl.metadata (25 kB)
  Collecting rich (from kiui)
    Using cached rich-14.2.0-py3-none-any.whl.metadata (18 kB)
  Collecting kornia_rs>=0.1.9 (from kornia)
    Using cached kornia_rs-0.1.10-cp310-cp310-macosx_11_0_arm64.whl.metadata (12 kB)
  Collecting antlr4-python3-runtime==4.9.* (from omegaconf)
    Using cached antlr4_python3_runtime-4.9.3-py3-none-any.whl
  Collecting coloredlogs (from onnxruntime)
    Using cached coloredlogs-15.0.1-py2.py3-none-any.whl.metadata (12 kB)
  Collecting flatbuffers (from onnxruntime)
    Using cached flatbuffers-25.12.19-py2.py3-none-any.whl.metadata (1.0 kB)
  Collecting protobuf (from onnxruntime)
    Using cached protobuf-6.33.2-cp39-abi3-macosx_10_9_universal2.whl.metadata (593 bytes)
  Collecting sympy (from onnxruntime)
    Using cached sympy-1.14.0-py3-none-any.whl.metadata (12 kB)
  Collecting jsonschema (from rembg)
    Using cached jsonschema-4.25.1-py3-none-any.whl.metadata (7.6 kB)
  Collecting opencv-python-headless (from rembg)
    Using cached opencv_python_headless-4.12.0.88-cp37-abi3-macosx_13_0_arm64.whl.metadata (19 kB)
  Collecting pooch (from rembg)
    Using cached pooch-1.8.2-py3-none-any.whl.metadata (10 kB)
  Collecting pymatting (from rembg)
    Using cached pymatting-1.1.14-py3-none-any.whl.metadata (7.7 kB)
  Collecting scikit-image (from rembg)
    Using cached scikit_image-0.25.2-cp310-cp310-macosx_12_0_arm64.whl.metadata (14 kB)
  Collecting networkx>=2.5.1 (from torch)
    Using cached networkx-3.4.2-py3-none-any.whl.metadata (6.3 kB)
  Collecting jinja2 (from torch)
    Using cached jinja2-3.1.6-py3-none-any.whl.metadata (2.9 kB)
  Collecting huggingface_hub>=0.21.0 (from accelerate)
    Using cached huggingface_hub-0.36.0-py3-none-any.whl.metadata (14 kB)
  Collecting tokenizers<=0.23.0,>=0.22.0 (from transformers)
    Using cached tokenizers-0.22.1-cp39-abi3-macosx_11_0_arm64.whl.metadata (6.8 kB)
  Collecting mpmath<1.4,>=1.1.0 (from sympy->onnxruntime)
    Using cached mpmath-1.3.0-py3-none-any.whl.metadata (8.6 kB)
  Collecting exceptiongroup>=1.0.2 (from anyio->httpx<1.0.0->diffusers)
    Using cached exceptiongroup-1.3.1-py3-none-any.whl.metadata (6.7 kB)
  Collecting humanfriendly>=9.1 (from coloredlogs->onnxruntime)
    Using cached humanfriendly-10.0-py2.py3-none-any.whl.metadata (9.2 kB)
  Collecting zipp>=3.20 (from importlib_metadata->diffusers)
    Using cached zipp-3.23.0-py3-none-any.whl.metadata (3.6 kB)
  Collecting MarkupSafe>=2.0 (from jinja2->torch)
    Using cached markupsafe-3.0.3-cp310-cp310-macosx_11_0_arm64.whl.metadata (2.7 kB)
  Collecting attrs>=22.2.0 (from jsonschema->rembg)
    Using cached attrs-25.4.0-py3-none-any.whl.metadata (10 kB)
  Collecting jsonschema-specifications>=2023.03.6 (from jsonschema->rembg)
    Using cached jsonschema_specifications-2025.9.1-py3-none-any.whl.metadata (2.9 kB)
  Collecting referencing>=0.28.4 (from jsonschema->rembg)
    Using cached referencing-0.37.0-py3-none-any.whl.metadata (2.8 kB)
  Collecting rpds-py>=0.7.1 (from jsonschema->rembg)
    Using cached rpds_py-0.30.0-cp310-cp310-macosx_11_0_arm64.whl.metadata (4.1 kB)
  Collecting platformdirs>=2.5.0 (from pooch->rembg)
    Using cached platformdirs-4.5.1-py3-none-any.whl.metadata (12 kB)
  Collecting charset_normalizer<4,>=2 (from requests->diffusers)
    Using cached charset_normalizer-3.4.4-cp310-cp310-macosx_10_9_universal2.whl.metadata (37 kB)
  Collecting urllib3<3,>=1.21.1 (from requests->diffusers)
    Using cached urllib3-2.6.2-py3-none-any.whl.metadata (6.6 kB)
  Collecting numba!=0.49.0 (from pymatting->rembg)
    Using cached numba-0.63.1-cp310-cp310-macosx_11_0_arm64.whl.metadata (2.9 kB)
  Collecting llvmlite<0.47,>=0.46.0dev0 (from numba!=0.49.0->pymatting->rembg)
    Using cached llvmlite-0.46.0-cp310-cp310-macosx_11_0_arm64.whl.metadata (5.0 kB)
  Collecting markdown-it-py>=2.2.0 (from rich->kiui)
    Using cached markdown_it_py-4.0.0-py3-none-any.whl.metadata (7.3 kB)
  Collecting pygments<3.0.0,>=2.13.0 (from rich->kiui)
    Using cached pygments-2.19.2-py3-none-any.whl.metadata (2.5 kB)
  Collecting mdurl~=0.1 (from markdown-it-py>=2.2.0->rich->kiui)
    Using cached mdurl-0.1.2-py3-none-any.whl.metadata (1.6 kB)
  Collecting imageio!=2.35.0,>=2.33 (from scikit-image->rembg)
    Using cached imageio-2.37.2-py3-none-any.whl.metadata (9.7 kB)
  Collecting tifffile>=2022.8.12 (from scikit-image->rembg)
    Using cached tifffile-2025.5.10-py3-none-any.whl.metadata (31 kB)
  Collecting click>=8.0.0 (from typer-slim->huggingface_hub>=0.21.0->accelerate)
    Using cached click-8.3.1-py3-none-any.whl.metadata (2.6 kB)
  Collecting executing<3.0,>=2.1 (from varname->kiui)
    Using cached executing-2.2.1-py2.py3-none-any.whl.metadata (8.9 kB)
  Using cached pillow-12.0.0-cp310-cp310-macosx_11_0_arm64.whl (4.7 MB)
  Using cached accelerate-1.12.0-py3-none-any.whl (380 kB)
  Using cached diffusers-0.36.0-py3-none-any.whl (4.6 MB)
  Using cached httpx-0.28.1-py3-none-any.whl (73 kB)
  Using cached httpcore-1.0.9-py3-none-any.whl (78 kB)
  Using cached hf_xet-1.2.0-cp37-abi3-macosx_11_0_arm64.whl (2.7 MB)
  Using cached einops-0.8.1-py3-none-any.whl (64 kB)
  Using cached fire-0.7.1-py3-none-any.whl (115 kB)
  Using cached kiui-0.3.1-py3-none-any.whl (3.1 MB)
  Using cached kornia-0.8.2-py2.py3-none-any.whl (1.1 MB)
  Using cached numpy-2.2.6-cp310-cp310-macosx_14_0_arm64.whl (5.3 MB)
  Using cached omegaconf-2.3.0-py3-none-any.whl (79 kB)
  Using cached onnxruntime-1.23.2-cp310-cp310-macosx_13_0_arm64.whl (17.2 MB)
  Using cached opencv_python-4.12.0.88-cp37-abi3-macosx_13_0_arm64.whl (37.9 MB)
  Using cached rembg-2.0.69-py3-none-any.whl (43 kB)
  Using cached scipy-1.15.3-cp310-cp310-macosx_14_0_arm64.whl (22.4 MB)
  Using cached torch-2.9.1-cp310-none-macosx_11_0_arm64.whl (74.5 MB)
  Using cached torchvision-0.24.1-cp310-cp310-macosx_11_0_arm64.whl (1.9 MB)
  Using cached transformers-4.57.3-py3-none-any.whl (12.0 MB)
  Using cached huggingface_hub-0.36.0-py3-none-any.whl (566 kB)
  Using cached tokenizers-0.22.1-cp39-abi3-macosx_11_0_arm64.whl (2.9 MB)
  Using cached trimesh-4.10.1-py3-none-any.whl (737 kB)
  Using cached fsspec-2025.12.0-py3-none-any.whl (201 kB)
  Using cached h11-0.16.0-py3-none-any.whl (37 kB)
  Using cached kornia_rs-0.1.10-cp310-cp310-macosx_11_0_arm64.whl (2.1 MB)
  Using cached networkx-3.4.2-py3-none-any.whl (1.7 MB)
  Using cached packaging-25.0-py3-none-any.whl (66 kB)
  Using cached pyyaml-6.0.3-cp310-cp310-macosx_11_0_arm64.whl (174 kB)
  Using cached regex-2025.11.3-cp310-cp310-macosx_11_0_arm64.whl (288 kB)
  Using cached safetensors-0.7.0-cp38-abi3-macosx_11_0_arm64.whl (447 kB)
  Using cached sympy-1.14.0-py3-none-any.whl (6.3 MB)
  Using cached mpmath-1.3.0-py3-none-any.whl (536 kB)
  Using cached tqdm-4.67.1-py3-none-any.whl (78 kB)
  Using cached typing_extensions-4.15.0-py3-none-any.whl (44 kB)
  Using cached anyio-4.12.0-py3-none-any.whl (113 kB)
  Using cached exceptiongroup-1.3.1-py3-none-any.whl (16 kB)
  Using cached idna-3.11-py3-none-any.whl (71 kB)
  Using cached certifi-2025.11.12-py3-none-any.whl (159 kB)
  Using cached coloredlogs-15.0.1-py2.py3-none-any.whl (46 kB)
  Using cached humanfriendly-10.0-py2.py3-none-any.whl (86 kB)
  Using cached filelock-3.20.1-py3-none-any.whl (16 kB)
  Using cached flatbuffers-25.12.19-py2.py3-none-any.whl (26 kB)
  Using cached importlib_metadata-8.7.1-py3-none-any.whl (27 kB)
  Using cached zipp-3.23.0-py3-none-any.whl (10 kB)
  Using cached jinja2-3.1.6-py3-none-any.whl (134 kB)
  Using cached markupsafe-3.0.3-cp310-cp310-macosx_11_0_arm64.whl (12 kB)
  Using cached jsonschema-4.25.1-py3-none-any.whl (90 kB)
  Using cached attrs-25.4.0-py3-none-any.whl (67 kB)
  Using cached jsonschema_specifications-2025.9.1-py3-none-any.whl (18 kB)
  Using cached referencing-0.37.0-py3-none-any.whl (26 kB)
  Using cached rpds_py-0.30.0-cp310-cp310-macosx_11_0_arm64.whl (359 kB)
  Using cached lazy_loader-0.4-py3-none-any.whl (12 kB)
  Using cached objprint-0.3.0-py3-none-any.whl (41 kB)
  Using cached opencv_python_headless-4.12.0.88-cp37-abi3-macosx_13_0_arm64.whl (37.9 MB)
  Using cached pooch-1.8.2-py3-none-any.whl (64 kB)
  Using cached platformdirs-4.5.1-py3-none-any.whl (18 kB)
  Using cached requests-2.32.5-py3-none-any.whl (64 kB)
  Using cached charset_normalizer-3.4.4-cp310-cp310-macosx_10_9_universal2.whl (209 kB)
  Using cached urllib3-2.6.2-py3-none-any.whl (131 kB)
  Using cached protobuf-6.33.2-cp39-abi3-macosx_10_9_universal2.whl (427 kB)
  Using cached psutil-7.2.0-cp36-abi3-macosx_11_0_arm64.whl (128 kB)
  Using cached pymatting-1.1.14-py3-none-any.whl (54 kB)
  Using cached numba-0.63.1-cp310-cp310-macosx_11_0_arm64.whl (2.7 MB)
  Using cached llvmlite-0.46.0-cp310-cp310-macosx_11_0_arm64.whl (37.2 MB)
  Using cached rich-14.2.0-py3-none-any.whl (243 kB)
  Using cached pygments-2.19.2-py3-none-any.whl (1.2 MB)
  Using cached markdown_it_py-4.0.0-py3-none-any.whl (87 kB)
  Using cached mdurl-0.1.2-py3-none-any.whl (10.0 kB)
  Using cached scikit_image-0.25.2-cp310-cp310-macosx_12_0_arm64.whl (13.2 MB)
  Using cached imageio-2.37.2-py3-none-any.whl (317 kB)
  Using cached tifffile-2025.5.10-py3-none-any.whl (226 kB)
  Using cached termcolor-3.2.0-py3-none-any.whl (7.7 kB)
  Using cached varname-0.15.1-py3-none-any.whl (25 kB)
  Using cached executing-2.2.1-py2.py3-none-any.whl (28 kB)
  Installing collected packages: mpmath, flatbuffers, antlr4-python3-runtime, zipp, urllib3, typing-extensions, tqdm, termcolor, sympy, safetensors, rpds-py, regex, pyyaml, pygments, psutil, protobuf, platformdirs, Pillow, packaging, objprint, numpy, networkx, mdurl, MarkupSafe, llvmlite, kornia_rs, idna, humanfriendly, hf-xet, h11, fsspec, filelock, executing, einops, charset_normalizer, certifi, attrs, varname, trimesh, tifffile, scipy, requests, referencing, opencv-python-headless, opencv-python, omegaconf, numba, markdown-it-py, lazy_loader, jinja2, importlib_metadata, imageio, httpcore, fire, exceptiongroup, coloredlogs, torch, scikit-image, rich, pymatting, pooch, onnxruntime, jsonschema-specifications, huggingface_hub, anyio, torchvision, tokenizers, kornia, kiui, jsonschema, httpx, accelerate, transformers, rembg, diffusers
  
  Successfully installed MarkupSafe-3.0.3 Pillow-12.0.0 accelerate-1.12.0 antlr4-python3-runtime-4.9.3 anyio-4.12.0 attrs-25.4.0 certifi-2025.11.12 charset_normalizer-3.4.4 coloredlogs-15.0.1 diffusers-0.36.0 einops-0.8.1 exceptiongroup-1.3.1 executing-2.2.1 filelock-3.20.1 fire-0.7.1 flatbuffers-25.12.19 fsspec-2025.12.0 h11-0.16.0 hf-xet-1.2.0 httpcore-1.0.9 httpx-0.28.1 huggingface_hub-0.36.0 humanfriendly-10.0 idna-3.11 imageio-2.37.2 importlib_metadata-8.7.1 jinja2-3.1.6 jsonschema-4.25.1 jsonschema-specifications-2025.9.1 kiui-0.3.1 kornia-0.8.2 kornia_rs-0.1.10 lazy_loader-0.4 llvmlite-0.46.0 markdown-it-py-4.0.0 mdurl-0.1.2 mpmath-1.3.0 networkx-3.4.2 numba-0.63.1 numpy-2.2.6 objprint-0.3.0 omegaconf-2.3.0 onnxruntime-1.23.2 opencv-python-4.12.0.88 opencv-python-headless-4.12.0.88 packaging-25.0 platformdirs-4.5.1 pooch-1.8.2 protobuf-6.33.2 psutil-7.2.0 pygments-2.19.2 pymatting-1.1.14 pyyaml-6.0.3 referencing-0.37.0 regex-2025.11.3 rembg-2.0.69 requests-2.32.5 rich-14.2.0 rpds-py-0.30.0 safetensors-0.7.0 scikit-image-0.25.2 scipy-1.15.3 sympy-1.14.0 termcolor-3.2.0 tifffile-2025.5.10 tokenizers-0.22.1 torch-2.9.1 torchvision-0.24.1 tqdm-4.67.1 transformers-4.57.3 trimesh-4.10.1 typing-extensions-4.15.0 urllib3-2.6.2 varname-0.15.1 zipp-3.23.0
------------------------------------------------------------
  Package installation completed!
Verifying installation in dist/osx_arm64/python/python/lib/python3.10/site-packages...
  Found 90 packages: PIL, __pycache__, _distutils_hack, _yaml, accelerate, antlr4, anyio, attr, attrs, bin...
  All critical packages appear to be installed.
Configuring Python for runtime isolation...
Removing unused Tcl/Tk directories...
Setting up Models...
Installing model packages to dist/osx_arm64/python/python/lib/python3.10/site-packages...
Processing dust3r...
Cloning https://github.com/naver/dust3r.git...
Processing triposr...
Cloning https://github.com/VAST-AI-Research/TripoSR.git...
Processing triposf...
Cloning https://github.com/VAST-AI-Research/TripoSR.git...
Processing lgm...
Cloning https://github.com/3DTopia/LGM.git...
Processing wonder3d...
Cloning https://github.com/xxlong0/Wonder3D.git...
Processing unirig...
Cloning https://github.com/VAST-AI-Research/UniRig.git...
Compiling to bytecode and cleaning sources...
Keeping .py source files to ensure library compatibility...
  This is required for opencv-python, PIL, and other packages to work correctly
Zipping dist/osx_arm64/python to dist/osx_arm64/python_env.zip...
  Source: 2376 files, 46.1 MB uncompressed
  Output: dist/osx_arm64/python_env.zip
  Zip size: 18.6 MB
  WARNING: Zip file is only 18.6 MB!
  This is too small - PyTorch alone should be ~500MB+
  The pip package installation likely FAILED!
Deployment setup complete for osx_arm64.
Artifacts located in dist/osx_arm64 and dist/models
